2018-03-15 12:17:39 INFO  StudentController:33 - getAllStudent()
2018-03-15 12:17:39 INFO  DAOFactory:9 - getStudentDao()
2018-03-15 12:17:39 INFO  StudentDAOImpl:42 - getAllStudents()
2018-03-15 12:17:39 INFO  HibernateUtil:15 - static block
2018-03-15 12:17:39 DEBUG logging:192 - Logging Provider: org.jboss.logging.Log4jLoggerProvider
2018-03-15 12:17:39 DEBUG BasicTypeRegistry:146 - Adding type registration boolean -> org.hibernate.type.BooleanType@24fcc943
2018-03-15 12:17:39 DEBUG BasicTypeRegistry:146 - Adding type registration boolean -> org.hibernate.type.BooleanType@24fcc943
2018-03-15 12:17:39 DEBUG BasicTypeRegistry:146 - Adding type registration java.lang.Boolean -> org.hibernate.type.BooleanType@24fcc943
2018-03-15 12:17:39 DEBUG BasicTypeRegistry:146 - Adding type registration numeric_boolean -> org.hibernate.type.NumericBooleanType@1b69ffa6
2018-03-15 12:17:39 DEBUG BasicTypeRegistry:146 - Adding type registration true_false -> org.hibernate.type.TrueFalseType@48c99c88
2018-03-15 12:17:39 DEBUG BasicTypeRegistry:146 - Adding type registration yes_no -> org.hibernate.type.YesNoType@71a24815
2018-03-15 12:17:39 DEBUG BasicTypeRegistry:146 - Adding type registration byte -> org.hibernate.type.ByteType@22f0f3cd
2018-03-15 12:17:39 DEBUG BasicTypeRegistry:146 - Adding type registration byte -> org.hibernate.type.ByteType@22f0f3cd
2018-03-15 12:17:39 DEBUG BasicTypeRegistry:146 - Adding type registration java.lang.Byte -> org.hibernate.type.ByteType@22f0f3cd
2018-03-15 12:17:39 DEBUG BasicTypeRegistry:146 - Adding type registration character -> org.hibernate.type.CharacterType@154c138b
2018-03-15 12:17:39 DEBUG BasicTypeRegistry:146 - Adding type registration char -> org.hibernate.type.CharacterType@154c138b
2018-03-15 12:17:39 DEBUG BasicTypeRegistry:146 - Adding type registration java.lang.Character -> org.hibernate.type.CharacterType@154c138b
2018-03-15 12:17:39 DEBUG BasicTypeRegistry:146 - Adding type registration short -> org.hibernate.type.ShortType@18704f36
2018-03-15 12:17:39 DEBUG BasicTypeRegistry:146 - Adding type registration short -> org.hibernate.type.ShortType@18704f36
2018-03-15 12:17:39 DEBUG BasicTypeRegistry:146 - Adding type registration java.lang.Short -> org.hibernate.type.ShortType@18704f36
2018-03-15 12:17:39 DEBUG BasicTypeRegistry:146 - Adding type registration integer -> org.hibernate.type.IntegerType@70aeab39
2018-03-15 12:17:39 DEBUG BasicTypeRegistry:146 - Adding type registration int -> org.hibernate.type.IntegerType@70aeab39
2018-03-15 12:17:39 DEBUG BasicTypeRegistry:146 - Adding type registration java.lang.Integer -> org.hibernate.type.IntegerType@70aeab39
2018-03-15 12:17:39 DEBUG BasicTypeRegistry:146 - Adding type registration long -> org.hibernate.type.LongType@704c9b1a
2018-03-15 12:17:39 DEBUG BasicTypeRegistry:146 - Adding type registration long -> org.hibernate.type.LongType@704c9b1a
2018-03-15 12:17:39 DEBUG BasicTypeRegistry:146 - Adding type registration java.lang.Long -> org.hibernate.type.LongType@704c9b1a
2018-03-15 12:17:39 DEBUG BasicTypeRegistry:146 - Adding type registration float -> org.hibernate.type.FloatType@4660e9e
2018-03-15 12:17:39 DEBUG BasicTypeRegistry:146 - Adding type registration float -> org.hibernate.type.FloatType@4660e9e
2018-03-15 12:17:39 DEBUG BasicTypeRegistry:146 - Adding type registration java.lang.Float -> org.hibernate.type.FloatType@4660e9e
2018-03-15 12:17:39 DEBUG BasicTypeRegistry:146 - Adding type registration double -> org.hibernate.type.DoubleType@3532e5b4
2018-03-15 12:17:39 DEBUG BasicTypeRegistry:146 - Adding type registration double -> org.hibernate.type.DoubleType@3532e5b4
2018-03-15 12:17:39 DEBUG BasicTypeRegistry:146 - Adding type registration java.lang.Double -> org.hibernate.type.DoubleType@3532e5b4
2018-03-15 12:17:39 DEBUG BasicTypeRegistry:146 - Adding type registration big_decimal -> org.hibernate.type.BigDecimalType@3793cf4a
2018-03-15 12:17:39 DEBUG BasicTypeRegistry:146 - Adding type registration java.math.BigDecimal -> org.hibernate.type.BigDecimalType@3793cf4a
2018-03-15 12:17:39 DEBUG BasicTypeRegistry:146 - Adding type registration big_integer -> org.hibernate.type.BigIntegerType@f91645d
2018-03-15 12:17:39 DEBUG BasicTypeRegistry:146 - Adding type registration java.math.BigInteger -> org.hibernate.type.BigIntegerType@f91645d
2018-03-15 12:17:39 DEBUG BasicTypeRegistry:146 - Adding type registration string -> org.hibernate.type.StringType@3f64e8b2
2018-03-15 12:17:39 DEBUG BasicTypeRegistry:146 - Adding type registration java.lang.String -> org.hibernate.type.StringType@3f64e8b2
2018-03-15 12:17:39 DEBUG BasicTypeRegistry:146 - Adding type registration nstring -> org.hibernate.type.StringNVarcharType@48a9d293
2018-03-15 12:17:39 DEBUG BasicTypeRegistry:146 - Adding type registration ncharacter -> org.hibernate.type.CharacterNCharType@186a331c
2018-03-15 12:17:39 DEBUG BasicTypeRegistry:146 - Adding type registration url -> org.hibernate.type.UrlType@752c3107
2018-03-15 12:17:39 DEBUG BasicTypeRegistry:146 - Adding type registration java.net.URL -> org.hibernate.type.UrlType@752c3107
2018-03-15 12:17:39 DEBUG BasicTypeRegistry:146 - Adding type registration date -> org.hibernate.type.DateType@262df2f3
2018-03-15 12:17:39 DEBUG BasicTypeRegistry:146 - Adding type registration java.sql.Date -> org.hibernate.type.DateType@262df2f3
2018-03-15 12:17:39 DEBUG BasicTypeRegistry:146 - Adding type registration time -> org.hibernate.type.TimeType@db47fe4
2018-03-15 12:17:39 DEBUG BasicTypeRegistry:146 - Adding type registration java.sql.Time -> org.hibernate.type.TimeType@db47fe4
2018-03-15 12:17:39 DEBUG BasicTypeRegistry:146 - Adding type registration timestamp -> org.hibernate.type.TimestampType@637cf4cc
2018-03-15 12:17:39 DEBUG BasicTypeRegistry:146 - Adding type registration java.sql.Timestamp -> org.hibernate.type.TimestampType@637cf4cc
2018-03-15 12:17:39 DEBUG BasicTypeRegistry:146 - Adding type registration java.util.Date -> org.hibernate.type.TimestampType@637cf4cc
2018-03-15 12:17:39 DEBUG BasicTypeRegistry:146 - Adding type registration dbtimestamp -> org.hibernate.type.DbTimestampType@1ffe37b4
2018-03-15 12:17:39 DEBUG BasicTypeRegistry:146 - Adding type registration calendar -> org.hibernate.type.CalendarType@758d14c8
2018-03-15 12:17:39 DEBUG BasicTypeRegistry:146 - Adding type registration java.util.Calendar -> org.hibernate.type.CalendarType@758d14c8
2018-03-15 12:17:39 DEBUG BasicTypeRegistry:146 - Adding type registration java.util.GregorianCalendar -> org.hibernate.type.CalendarType@758d14c8
2018-03-15 12:17:39 DEBUG BasicTypeRegistry:146 - Adding type registration calendar_date -> org.hibernate.type.CalendarDateType@28c55986
2018-03-15 12:17:39 DEBUG BasicTypeRegistry:146 - Adding type registration locale -> org.hibernate.type.LocaleType@2bfa2788
2018-03-15 12:17:39 DEBUG BasicTypeRegistry:146 - Adding type registration java.util.Locale -> org.hibernate.type.LocaleType@2bfa2788
2018-03-15 12:17:39 DEBUG BasicTypeRegistry:146 - Adding type registration currency -> org.hibernate.type.CurrencyType@734deb6d
2018-03-15 12:17:39 DEBUG BasicTypeRegistry:146 - Adding type registration java.util.Currency -> org.hibernate.type.CurrencyType@734deb6d
2018-03-15 12:17:39 DEBUG BasicTypeRegistry:146 - Adding type registration timezone -> org.hibernate.type.TimeZoneType@7dd639ef
2018-03-15 12:17:39 DEBUG BasicTypeRegistry:146 - Adding type registration java.util.TimeZone -> org.hibernate.type.TimeZoneType@7dd639ef
2018-03-15 12:17:39 DEBUG BasicTypeRegistry:146 - Adding type registration class -> org.hibernate.type.ClassType@2cbbc026
2018-03-15 12:17:39 DEBUG BasicTypeRegistry:146 - Adding type registration java.lang.Class -> org.hibernate.type.ClassType@2cbbc026
2018-03-15 12:17:39 DEBUG BasicTypeRegistry:146 - Adding type registration uuid-binary -> org.hibernate.type.UUIDBinaryType@5f5b6365
2018-03-15 12:17:39 DEBUG BasicTypeRegistry:146 - Adding type registration java.util.UUID -> org.hibernate.type.UUIDBinaryType@5f5b6365
2018-03-15 12:17:39 DEBUG BasicTypeRegistry:146 - Adding type registration uuid-char -> org.hibernate.type.UUIDCharType@3b587e9c
2018-03-15 12:17:39 DEBUG BasicTypeRegistry:146 - Adding type registration pg-uuid -> org.hibernate.type.PostgresUUIDType@30ab8bfc
2018-03-15 12:17:39 DEBUG BasicTypeRegistry:146 - Adding type registration binary -> org.hibernate.type.BinaryType@6c41d983
2018-03-15 12:17:39 DEBUG BasicTypeRegistry:146 - Adding type registration byte[] -> org.hibernate.type.BinaryType@6c41d983
2018-03-15 12:17:39 DEBUG BasicTypeRegistry:146 - Adding type registration [B -> org.hibernate.type.BinaryType@6c41d983
2018-03-15 12:17:39 DEBUG BasicTypeRegistry:146 - Adding type registration wrapper-binary -> org.hibernate.type.WrapperBinaryType@2ec41ac5
2018-03-15 12:17:39 DEBUG BasicTypeRegistry:146 - Adding type registration Byte[] -> org.hibernate.type.WrapperBinaryType@2ec41ac5
2018-03-15 12:17:39 DEBUG BasicTypeRegistry:146 - Adding type registration [Ljava.lang.Byte; -> org.hibernate.type.WrapperBinaryType@2ec41ac5
2018-03-15 12:17:39 DEBUG BasicTypeRegistry:146 - Adding type registration image -> org.hibernate.type.ImageType@66ba3873
2018-03-15 12:17:39 DEBUG BasicTypeRegistry:146 - Adding type registration characters -> org.hibernate.type.CharArrayType@aef69cb
2018-03-15 12:17:39 DEBUG BasicTypeRegistry:146 - Adding type registration char[] -> org.hibernate.type.CharArrayType@aef69cb
2018-03-15 12:17:39 DEBUG BasicTypeRegistry:146 - Adding type registration [C -> org.hibernate.type.CharArrayType@aef69cb
2018-03-15 12:17:39 DEBUG BasicTypeRegistry:146 - Adding type registration wrapper-characters -> org.hibernate.type.CharacterArrayType@4dd02af7
2018-03-15 12:17:39 DEBUG BasicTypeRegistry:146 - Adding type registration [Ljava.lang.Character; -> org.hibernate.type.CharacterArrayType@4dd02af7
2018-03-15 12:17:39 DEBUG BasicTypeRegistry:146 - Adding type registration Character[] -> org.hibernate.type.CharacterArrayType@4dd02af7
2018-03-15 12:17:39 DEBUG BasicTypeRegistry:146 - Adding type registration text -> org.hibernate.type.TextType@183addc6
2018-03-15 12:17:39 DEBUG BasicTypeRegistry:146 - Adding type registration ntext -> org.hibernate.type.NTextType@7b9537d9
2018-03-15 12:17:39 DEBUG BasicTypeRegistry:146 - Adding type registration blob -> org.hibernate.type.BlobType@349a71e3
2018-03-15 12:17:39 DEBUG BasicTypeRegistry:146 - Adding type registration java.sql.Blob -> org.hibernate.type.BlobType@349a71e3
2018-03-15 12:17:39 DEBUG BasicTypeRegistry:146 - Adding type registration materialized_blob -> org.hibernate.type.MaterializedBlobType@181d27c5
2018-03-15 12:17:39 DEBUG BasicTypeRegistry:146 - Adding type registration clob -> org.hibernate.type.ClobType@2a18dafd
2018-03-15 12:17:39 DEBUG BasicTypeRegistry:146 - Adding type registration java.sql.Clob -> org.hibernate.type.ClobType@2a18dafd
2018-03-15 12:17:39 DEBUG BasicTypeRegistry:146 - Adding type registration nclob -> org.hibernate.type.NClobType@5ac48339
2018-03-15 12:17:39 DEBUG BasicTypeRegistry:146 - Adding type registration java.sql.NClob -> org.hibernate.type.NClobType@5ac48339
2018-03-15 12:17:39 DEBUG BasicTypeRegistry:146 - Adding type registration materialized_clob -> org.hibernate.type.MaterializedClobType@6284c6ad
2018-03-15 12:17:39 DEBUG BasicTypeRegistry:146 - Adding type registration materialized_nclob -> org.hibernate.type.MaterializedNClobType@75d2d523
2018-03-15 12:17:39 DEBUG BasicTypeRegistry:146 - Adding type registration serializable -> org.hibernate.type.SerializableType@666ee67a
2018-03-15 12:17:40 DEBUG BasicTypeRegistry:146 - Adding type registration object -> org.hibernate.type.ObjectType@7d5c183a
2018-03-15 12:17:40 DEBUG BasicTypeRegistry:146 - Adding type registration java.lang.Object -> org.hibernate.type.ObjectType@7d5c183a
2018-03-15 12:17:40 DEBUG BasicTypeRegistry:146 - Adding type registration imm_date -> org.hibernate.type.AdaptedImmutableType@6bdcf9f3
2018-03-15 12:17:40 DEBUG BasicTypeRegistry:146 - Adding type registration imm_time -> org.hibernate.type.AdaptedImmutableType@76dcb17a
2018-03-15 12:17:40 DEBUG BasicTypeRegistry:146 - Adding type registration imm_timestamp -> org.hibernate.type.AdaptedImmutableType@5289747e
2018-03-15 12:17:40 DEBUG BasicTypeRegistry:146 - Adding type registration imm_dbtimestamp -> org.hibernate.type.AdaptedImmutableType@df52bba
2018-03-15 12:17:40 DEBUG BasicTypeRegistry:146 - Adding type registration imm_calendar -> org.hibernate.type.AdaptedImmutableType@1ea5896
2018-03-15 12:17:40 DEBUG BasicTypeRegistry:146 - Adding type registration imm_calendar_date -> org.hibernate.type.AdaptedImmutableType@122e6eb0
2018-03-15 12:17:40 DEBUG BasicTypeRegistry:146 - Adding type registration imm_binary -> org.hibernate.type.AdaptedImmutableType@b1dd20f
2018-03-15 12:17:40 DEBUG BasicTypeRegistry:146 - Adding type registration imm_serializable -> org.hibernate.type.AdaptedImmutableType@2f11902d
2018-03-15 12:17:40 INFO  Version:66 - HCANN000001: Hibernate Commons Annotations {4.0.5.Final}
2018-03-15 12:17:40 INFO  Version:54 - HHH000412: Hibernate Core {4.3.6.Final}
2018-03-15 12:17:40 INFO  Environment:239 - HHH000206: hibernate.properties not found
2018-03-15 12:17:40 INFO  Environment:346 - HHH000021: Bytecode provider name : javassist
2018-03-15 12:17:40 DEBUG DefaultIdentifierGeneratorFactory:93 - Registering IdentifierGenerator strategy [uuid2] -> [org.hibernate.id.UUIDGenerator]
2018-03-15 12:17:40 DEBUG DefaultIdentifierGeneratorFactory:93 - Registering IdentifierGenerator strategy [guid] -> [org.hibernate.id.GUIDGenerator]
2018-03-15 12:17:40 DEBUG DefaultIdentifierGeneratorFactory:93 - Registering IdentifierGenerator strategy [uuid] -> [org.hibernate.id.UUIDHexGenerator]
2018-03-15 12:17:40 DEBUG DefaultIdentifierGeneratorFactory:93 - Registering IdentifierGenerator strategy [uuid.hex] -> [org.hibernate.id.UUIDHexGenerator]
2018-03-15 12:17:40 DEBUG DefaultIdentifierGeneratorFactory:93 - Registering IdentifierGenerator strategy [hilo] -> [org.hibernate.id.TableHiLoGenerator]
2018-03-15 12:17:40 DEBUG DefaultIdentifierGeneratorFactory:93 - Registering IdentifierGenerator strategy [assigned] -> [org.hibernate.id.Assigned]
2018-03-15 12:17:40 DEBUG DefaultIdentifierGeneratorFactory:93 - Registering IdentifierGenerator strategy [identity] -> [org.hibernate.id.IdentityGenerator]
2018-03-15 12:17:40 DEBUG DefaultIdentifierGeneratorFactory:93 - Registering IdentifierGenerator strategy [select] -> [org.hibernate.id.SelectGenerator]
2018-03-15 12:17:40 DEBUG DefaultIdentifierGeneratorFactory:93 - Registering IdentifierGenerator strategy [sequence] -> [org.hibernate.id.SequenceGenerator]
2018-03-15 12:17:40 DEBUG DefaultIdentifierGeneratorFactory:93 - Registering IdentifierGenerator strategy [seqhilo] -> [org.hibernate.id.SequenceHiLoGenerator]
2018-03-15 12:17:40 DEBUG DefaultIdentifierGeneratorFactory:93 - Registering IdentifierGenerator strategy [increment] -> [org.hibernate.id.IncrementGenerator]
2018-03-15 12:17:40 DEBUG DefaultIdentifierGeneratorFactory:93 - Registering IdentifierGenerator strategy [foreign] -> [org.hibernate.id.ForeignGenerator]
2018-03-15 12:17:40 DEBUG DefaultIdentifierGeneratorFactory:93 - Registering IdentifierGenerator strategy [sequence-identity] -> [org.hibernate.id.SequenceIdentityGenerator]
2018-03-15 12:17:40 DEBUG DefaultIdentifierGeneratorFactory:93 - Registering IdentifierGenerator strategy [enhanced-sequence] -> [org.hibernate.id.enhanced.SequenceStyleGenerator]
2018-03-15 12:17:40 DEBUG DefaultIdentifierGeneratorFactory:93 - Registering IdentifierGenerator strategy [enhanced-table] -> [org.hibernate.id.enhanced.TableGenerator]
2018-03-15 12:17:40 INFO  Configuration:2073 - HHH000043: Configuring from resource: /hibernate.cfg.xml
2018-03-15 12:17:40 INFO  Configuration:2092 - HHH000040: Configuration resource: /hibernate.cfg.xml
2018-03-15 12:17:40 DEBUG DTDEntityResolver:69 - Trying to resolve system-id [http://hibernate.sourceforge.net/hibernate-configuration-3.0.dtd]
2018-03-15 12:17:40 WARN  DTDEntityResolver:75 - HHH000223: Recognized obsolete hibernate namespace http://hibernate.sourceforge.net/. Use namespace http://www.hibernate.org/dtd/ instead. Refer to Hibernate 3.6 Migration Guide!
2018-03-15 12:17:40 DEBUG DTDEntityResolver:76 - Attempting to resolve on classpath under org/hibernate/
2018-03-15 12:17:40 DEBUG DTDEntityResolver:108 - Located [http://hibernate.sourceforge.net/hibernate-configuration-3.0.dtd] in classpath
2018-03-15 12:17:40 DEBUG Configuration:2035 - hibernate.dialect=org.hibernate.dialect.MySQLDialect
2018-03-15 12:17:40 DEBUG Configuration:2035 - hibernate.connection.driver_class=com.mysql.jdbc.Driver
2018-03-15 12:17:40 DEBUG Configuration:2035 - hibernate.connection.username=root
2018-03-15 12:17:40 DEBUG Configuration:2035 - hibernate.connection.password=kofel
2018-03-15 12:17:40 DEBUG Configuration:2035 - hibernate.connection.url=jdbc:mysql://localhost:3306/db1
2018-03-15 12:17:40 DEBUG Configuration:2035 - show_sql=true
2018-03-15 12:17:40 DEBUG Configuration:2035 - format_sql=false
2018-03-15 12:17:40 DEBUG Configuration:2035 - hbm2ddl.auto=update
2018-03-15 12:17:40 DEBUG Configuration:2274 - Session-factory config [null] named class [com.kc.hibernate.Student] for mapping
2018-03-15 12:17:40 INFO  Configuration:2214 - HHH000041: Configured SessionFactory: null
2018-03-15 12:17:40 DEBUG Configuration:2215 - Properties: {show_sql=true, java.vendor=Oracle Corporation, sun.java.launcher=SUN_STANDARD, catalina.base=E:\Kofel\GitWorkSpace\WebServicesWorkSpace\.metadata\.plugins\org.eclipse.wst.server.core\tmp0, hibernate.connection.url=jdbc:mysql://localhost:3306/db1, sun.management.compiler=HotSpot 64-Bit Tiered Compilers, catalina.useNaming=true, hbm2ddl.auto=update, os.name=Windows 10, sun.boot.class.path=C:\Program Files\Java\jre1.8.0_161\lib\resources.jar;C:\Program Files\Java\jre1.8.0_161\lib\rt.jar;C:\Program Files\Java\jre1.8.0_161\lib\sunrsasign.jar;C:\Program Files\Java\jre1.8.0_161\lib\jsse.jar;C:\Program Files\Java\jre1.8.0_161\lib\jce.jar;C:\Program Files\Java\jre1.8.0_161\lib\charsets.jar;C:\Program Files\Java\jre1.8.0_161\lib\jfr.jar;C:\Program Files\Java\jre1.8.0_161\classes, sun.desktop=windows, java.vm.specification.vendor=Oracle Corporation, java.runtime.version=1.8.0_161-b12, user.name=kofel, shared.loader=, tomcat.util.buf.StringCache.byte.enabled=true, user.language=en, java.naming.factory.initial=org.apache.naming.java.javaURLContextFactory, sun.boot.library.path=C:\Program Files\Java\jre1.8.0_161\bin, java.version=1.8.0_161, user.timezone=America/Los_Angeles, sun.arch.data.model=64, java.endorsed.dirs=C:\Program Files (x86)\Apache Software Foundation\Tomcat 7.0\endorsed, sun.cpu.isalist=amd64, sun.jnu.encoding=Cp1252, file.encoding.pkg=sun.io, package.access=sun.,org.apache.catalina.,org.apache.coyote.,org.apache.tomcat.,org.apache.jasper., file.separator=\, java.specification.name=Java Platform API Specification, hibernate.format_sql=false, java.class.version=52.0, user.country=US, java.home=C:\Program Files\Java\jre1.8.0_161, java.vm.info=mixed mode, os.version=10.0, path.separator=;, java.vm.version=25.161-b12, hibernate.connection.password=kofel, user.variant=, java.awt.printerjob=sun.awt.windows.WPrinterJob, sun.io.unicode.encoding=UnicodeLittle, tomcat.util.scan.DefaultJarScanner.jarsToSkip=bootstrap.jar,commons-daemon.jar,tomcat-juli.jar,annotations-api.jar,el-api.jar,jsp-api.jar,servlet-api.jar,catalina.jar,catalina-ant.jar,catalina-ha.jar,catalina-tribes.jar,jasper.jar,jasper-el.jar,ecj-*.jar,tomcat-api.jar,tomcat-util.jar,tomcat-coyote.jar,tomcat-dbcp.jar,tomcat-jni.jar,tomcat-spdy.jar,tomcat-i18n-en.jar,tomcat-i18n-es.jar,tomcat-i18n-fr.jar,tomcat-i18n-ja.jar,tomcat-juli-adapters.jar,catalina-jmx-remote.jar,catalina-ws.jar,tomcat-jdbc.jar,tools.jar,commons-beanutils*.jar,commons-codec*.jar,commons-collections*.jar,commons-dbcp*.jar,commons-digester*.jar,commons-fileupload*.jar,commons-httpclient*.jar,commons-io*.jar,commons-lang*.jar,commons-logging*.jar,commons-math*.jar,commons-pool*.jar,jstl.jar,geronimo-spec-jaxrpc*.jar,wsdl4j*.jar,ant.jar,ant-junit*.jar,aspectj*.jar,jmx.jar,h2*.jar,hibernate*.jar,httpclient*.jar,jmx-tools.jar,jta*.jar,log4j*.jar,mail*.jar,slf4j*.jar,xercesImpl.jar,xmlParserAPIs.jar,xml-apis.jar,junit.jar,junit-*.jar,ant-launcher.jar, awt.toolkit=sun.awt.windows.WToolkit, hibernate.connection.username=root, package.definition=sun.,java.,org.apache.catalina.,org.apache.coyote.,org.apache.tomcat.,org.apache.jasper., user.script=, java.naming.factory.url.pkgs=org.apache.naming, user.home=C:\Users\kofel, org.apache.catalina.startup.ContextConfig.jarsToSkip=, java.specification.vendor=Oracle Corporation, hibernate.hbm2ddl.auto=update, java.library.path=C:\Program Files\Java\jre1.8.0_161\bin;C:\WINDOWS\Sun\Java\bin;C:\WINDOWS\system32;C:\WINDOWS;C:/Program Files/Java/jre1.8.0_161/bin/server;C:/Program Files/Java/jre1.8.0_161/bin;C:/Program Files/Java/jre1.8.0_161/lib/amd64;C:\ProgramData\Oracle\Java\javapath;C:\WINDOWS\system32;C:\WINDOWS;C:\WINDOWS\System32\Wbem;C:\WINDOWS\System32\WindowsPowerShell\v1.0\;C:\Program Files\nodejs\;C:\Program Files\Git\cmd;C:\Users\kofel\AppData\Local\Microsoft\WindowsApps;C:\Program Files\Java\jdk1.8.0_161\bin;C:\Users\kofel\AppData\Roaming\npm;C:\Program Files\Microsoft VS Code\bin;E:\Kofel\eclipse-jee-mars-R-win32-x86_64\eclipse;;., java.vendor.url=http://java.oracle.com/, hibernate.connection.driver_class=com.mysql.jdbc.Driver, org.apache.catalina.startup.TldConfig.jarsToSkip=, java.vm.vendor=Oracle Corporation, hibernate.dialect=org.hibernate.dialect.MySQLDialect, common.loader=${catalina.base}/lib,${catalina.base}/lib/*.jar,${catalina.home}/lib,${catalina.home}/lib/*.jar, java.runtime.name=Java(TM) SE Runtime Environment, sun.java.command=org.apache.catalina.startup.Bootstrap start, java.class.path=C:\Program Files (x86)\Apache Software Foundation\Tomcat 7.0\bin\bootstrap.jar;C:\Program Files (x86)\Apache Software Foundation\Tomcat 7.0\bin\tomcat-juli.jar, hibernate.bytecode.use_reflection_optimizer=false, java.vm.specification.name=Java Virtual Machine Specification, java.vm.specification.version=1.8, catalina.home=C:\Program Files (x86)\Apache Software Foundation\Tomcat 7.0, sun.cpu.endian=little, sun.os.patch.level=, java.io.tmpdir=C:\Users\kofel\AppData\Local\Temp\, java.vendor.url.bug=http://bugreport.sun.com/bugreport/, server.loader=, os.arch=amd64, java.awt.graphicsenv=sun.awt.Win32GraphicsEnvironment, java.ext.dirs=C:\Program Files\Java\jre1.8.0_161\lib\ext;C:\WINDOWS\Sun\Java\lib\ext, user.dir=E:\Kofel\eclipse-jee-mars-R-win32-x86_64\eclipse, line.separator=
, wtp.deploy=E:\Kofel\GitWorkSpace\WebServicesWorkSpace\.metadata\.plugins\org.eclipse.wst.server.core\tmp0\wtpwebapps, java.vm.name=Java HotSpot(TM) 64-Bit Server VM, file.encoding=Cp1252, format_sql=false, java.specification.version=1.8, hibernate.show_sql=true}
2018-03-15 12:17:40 DEBUG IntegratorServiceImpl:63 - Adding Integrator [org.hibernate.cfg.beanvalidation.BeanValidationIntegrator].
2018-03-15 12:17:40 DEBUG IntegratorServiceImpl:63 - Adding Integrator [org.hibernate.secure.spi.JaccIntegrator].
2018-03-15 12:17:40 DEBUG IntegratorServiceImpl:63 - Adding Integrator [org.hibernate.cache.internal.CollectionCacheInvalidator].
2018-03-15 12:17:40 DEBUG StrategySelectorImpl:79 - Registering named strategy selector [org.hibernate.dialect.Dialect] : [MySQL5] -> [org.hibernate.dialect.MySQL5Dialect] (replacing [org.hibernate.dialect.MySQL5Dialect])
2018-03-15 12:17:40 DEBUG StrategySelectorImpl:79 - Registering named strategy selector [org.hibernate.dialect.Dialect] : [MySQL5InnoDB] -> [org.hibernate.dialect.MySQL5InnoDBDialect] (replacing [org.hibernate.dialect.MySQL5InnoDBDialect])
2018-03-15 12:17:40 DEBUG ServiceBinding:85 - Overriding existing service binding [org.hibernate.secure.spi.JaccService]
2018-03-15 12:17:40 DEBUG Configuration:1841 - Preparing to build session factory with filters : {}
2018-03-15 12:17:40 WARN  DriverManagerConnectionProviderImpl:93 - HHH000402: Using Hibernate built-in connection pool (not for production use!)
2018-03-15 12:17:40 INFO  DriverManagerConnectionProviderImpl:166 - HHH000401: using driver [com.mysql.jdbc.Driver] at URL [jdbc:mysql://localhost:3306/db1]
2018-03-15 12:17:40 INFO  DriverManagerConnectionProviderImpl:172 - HHH000046: Connection properties: {user=root, password=kofel}
2018-03-15 12:17:40 INFO  DriverManagerConnectionProviderImpl:180 - HHH000006: Autocommit mode: false
2018-03-15 12:17:40 INFO  DriverManagerConnectionProviderImpl:102 - HHH000115: Hibernate connection pool size: 20 (min=1)
2018-03-15 12:17:40 DEBUG DriverManagerConnectionProviderImpl:104 - Initializing Connection pool with 1 Connections
2018-03-15 12:17:41 DEBUG JdbcServicesImpl:128 - Database ->
       name : MySQL
    version : 5.5.1-m2-community
      major : 5
      minor : 5
2018-03-15 12:17:41 DEBUG JdbcServicesImpl:139 - Driver ->
       name : MySQL Connector Java
    version : mysql-connector-java-5.1.31 ( Revision: alexander.soklakov@oracle.com-20140520065950-groqzzbvxprqdmnz )
      major : 5
      minor : 1
2018-03-15 12:17:41 DEBUG JdbcServicesImpl:150 - JDBC version : 4.0
2018-03-15 12:17:41 DEBUG StandardRefCursorSupport:187 - Unexpected error trying to gauge level of JDBC REF_CURSOR support : null
2018-03-15 12:17:41 INFO  Dialect:145 - HHH000400: Using dialect: org.hibernate.dialect.MySQLDialect
2018-03-15 12:17:41 DEBUG Configuration:3748 - Processing hbm.xml files
2018-03-15 12:17:41 DEBUG Configuration:3778 - Process annotated classes
2018-03-15 12:17:41 DEBUG AnnotationBinder:601 - Binding entity from annotated class: com.kc.hibernate.Student
2018-03-15 12:17:41 DEBUG Ejb3Column:239 - Binding column: Ejb3DiscriminatorColumn{logicalColumnName'DTYPE', discriminatorTypeName='string'}
2018-03-15 12:17:41 DEBUG AnnotationBinder:1185 - No value specified for 'javax.persistence.sharedCache.mode'; using UNSPECIFIED
2018-03-15 12:17:41 DEBUG EntityBinder:397 - Import with entity name Student
2018-03-15 12:17:41 DEBUG EntityBinder:586 - Bind entity com.kc.hibernate.Student on table STUDENT
2018-03-15 12:17:41 DEBUG Ejb3Column:239 - Binding column: Ejb3Column{table=org.hibernate.mapping.Table(STUDENT), mappingColumn=id, insertable=true, updatable=true, unique=false}
2018-03-15 12:17:41 DEBUG PropertyBinder:185 - MetadataSourceProcessor property id with lazy=false
2018-03-15 12:17:41 DEBUG AbstractPropertyHolder:106 - Attempting to locate auto-apply AttributeConverter for property [com.kc.hibernate.Student:id]
2018-03-15 12:17:41 DEBUG SimpleValueBinder:385 - building SimpleValue for id
2018-03-15 12:17:41 DEBUG PropertyBinder:271 - Building property id
2018-03-15 12:17:41 DEBUG Ejb3Column:239 - Binding column: Ejb3Column{table=org.hibernate.mapping.Table(STUDENT), mappingColumn=firstName, insertable=true, updatable=true, unique=false}
2018-03-15 12:17:41 DEBUG PropertyBinder:185 - MetadataSourceProcessor property firstName with lazy=false
2018-03-15 12:17:41 DEBUG AbstractPropertyHolder:106 - Attempting to locate auto-apply AttributeConverter for property [com.kc.hibernate.Student:firstName]
2018-03-15 12:17:41 DEBUG SimpleValueBinder:385 - building SimpleValue for firstName
2018-03-15 12:17:41 DEBUG PropertyBinder:271 - Building property firstName
2018-03-15 12:17:41 DEBUG Ejb3Column:239 - Binding column: Ejb3Column{table=org.hibernate.mapping.Table(STUDENT), mappingColumn=lastName, insertable=true, updatable=true, unique=false}
2018-03-15 12:17:41 DEBUG PropertyBinder:185 - MetadataSourceProcessor property lastName with lazy=false
2018-03-15 12:17:41 DEBUG AbstractPropertyHolder:106 - Attempting to locate auto-apply AttributeConverter for property [com.kc.hibernate.Student:lastName]
2018-03-15 12:17:41 DEBUG SimpleValueBinder:385 - building SimpleValue for lastName
2018-03-15 12:17:41 DEBUG PropertyBinder:271 - Building property lastName
2018-03-15 12:17:41 DEBUG Ejb3Column:239 - Binding column: Ejb3Column{table=org.hibernate.mapping.Table(STUDENT), mappingColumn=section, insertable=true, updatable=true, unique=false}
2018-03-15 12:17:41 DEBUG PropertyBinder:185 - MetadataSourceProcessor property section with lazy=false
2018-03-15 12:17:41 DEBUG AbstractPropertyHolder:106 - Attempting to locate auto-apply AttributeConverter for property [com.kc.hibernate.Student:section]
2018-03-15 12:17:41 DEBUG SimpleValueBinder:385 - building SimpleValue for section
2018-03-15 12:17:41 DEBUG PropertyBinder:271 - Building property section
2018-03-15 12:17:41 DEBUG SimpleValueBinder:422 - Starting fillSimpleValue for id
2018-03-15 12:17:41 DEBUG SimpleValueBinder:422 - Starting fillSimpleValue for firstName
2018-03-15 12:17:41 DEBUG SimpleValueBinder:422 - Starting fillSimpleValue for lastName
2018-03-15 12:17:41 DEBUG SimpleValueBinder:422 - Starting fillSimpleValue for section
2018-03-15 12:17:41 DEBUG Configuration:1482 - Processing fk mappings (*ToOne and JoinedSubclass)
2018-03-15 12:17:41 DEBUG Configuration:1687 - Processing extends queue
2018-03-15 12:17:41 DEBUG Configuration:1745 - Processing extends queue
2018-03-15 12:17:41 DEBUG Configuration:1690 - Processing collection mappings
2018-03-15 12:17:41 DEBUG Configuration:1700 - Processing native query and ResultSetMapping mappings
2018-03-15 12:17:41 DEBUG Configuration:1708 - Processing association property references
2018-03-15 12:17:41 DEBUG Configuration:1730 - Creating tables' unique integer identifiers
2018-03-15 12:17:41 DEBUG Configuration:1731 - Processing foreign key constraints
2018-03-15 12:17:41 DEBUG JtaPlatformInitiator:59 - No JtaPlatform was specified, checking resolver
2018-03-15 12:17:41 DEBUG JtaPlatformResolverInitiator:50 - No JtaPlatformResolver was specified, using default [org.hibernate.engine.transaction.jta.platform.internal.StandardJtaPlatformResolver]
2018-03-15 12:17:41 DEBUG StandardJtaPlatformResolver:118 - Could not resolve JtaPlatform, using default [org.hibernate.engine.transaction.jta.platform.internal.NoJtaPlatform]
2018-03-15 12:17:41 DEBUG SettingsFactory:122 - Automatic flush during beforeCompletion(): disabled
2018-03-15 12:17:41 DEBUG SettingsFactory:128 - Automatic session close at end of transaction: disabled
2018-03-15 12:17:41 DEBUG SettingsFactory:139 - JDBC batch size: 15
2018-03-15 12:17:41 DEBUG SettingsFactory:145 - JDBC batch updates for versioned data: disabled
2018-03-15 12:17:41 DEBUG SettingsFactory:155 - Scrollable result sets: enabled
2018-03-15 12:17:41 DEBUG SettingsFactory:161 - Wrap result sets: disabled
2018-03-15 12:17:41 DEBUG SettingsFactory:167 - JDBC3 getGeneratedKeys(): enabled
2018-03-15 12:17:41 DEBUG SettingsFactory:179 - multi-tenancy strategy : NONE
2018-03-15 12:17:41 DEBUG SettingsFactory:185 - Connection release mode: auto
2018-03-15 12:17:41 INFO  TransactionFactoryInitiator:62 - HHH000399: Using default transaction strategy (direct JDBC transactions)
2018-03-15 12:17:41 DEBUG SettingsFactory:207 - Using BatchFetchStyle : LEGACY
2018-03-15 12:17:41 DEBUG SettingsFactory:226 - Maximum outer join fetch depth: 2
2018-03-15 12:17:41 DEBUG SettingsFactory:232 - Default batch fetch size: 1
2018-03-15 12:17:41 DEBUG SettingsFactory:238 - Generate SQL with comments: disabled
2018-03-15 12:17:41 DEBUG SettingsFactory:244 - Order SQL updates by primary key: disabled
2018-03-15 12:17:41 DEBUG SettingsFactory:250 - Order SQL inserts for batching: disabled
2018-03-15 12:17:41 DEBUG SettingsFactory:258 - Default null ordering: none
2018-03-15 12:17:41 DEBUG SettingsFactory:501 - Query translator: org.hibernate.hql.internal.ast.ASTQueryTranslatorFactory
2018-03-15 12:17:41 INFO  ASTQueryTranslatorFactory:47 - HHH000397: Using ASTQueryTranslatorFactory
2018-03-15 12:17:41 DEBUG SettingsFactory:268 - Query language substitutions: {}
2018-03-15 12:17:41 DEBUG SettingsFactory:274 - JPA-QL strict compliance: disabled
2018-03-15 12:17:41 DEBUG SettingsFactory:282 - Second-level cache: enabled
2018-03-15 12:17:41 DEBUG SettingsFactory:288 - Query cache: disabled
2018-03-15 12:17:41 DEBUG RegionFactoryInitiator:105 - Cache region factory : org.hibernate.cache.internal.NoCachingRegionFactory
2018-03-15 12:17:41 DEBUG SettingsFactory:301 - Optimize cache for minimal puts: disabled
2018-03-15 12:17:41 DEBUG SettingsFactory:316 - Structured second-level cache entries: disabled
2018-03-15 12:17:41 DEBUG SettingsFactory:326 - Second-level cache direct-reference entries: disabled
2018-03-15 12:17:41 DEBUG SettingsFactory:332 - Automatic eviction of collection cache: disabled
2018-03-15 12:17:41 DEBUG SettingsFactory:340 - Statistics: disabled
2018-03-15 12:17:41 DEBUG SettingsFactory:346 - Deleted entity synthetic identifier rollback: disabled
2018-03-15 12:17:41 DEBUG SettingsFactory:373 - Default entity-mode: pojo
2018-03-15 12:17:41 DEBUG SettingsFactory:379 - Named query checking : enabled
2018-03-15 12:17:41 DEBUG SettingsFactory:385 - Check Nullability in Core (should be disabled when Bean Validation is on): enabled
2018-03-15 12:17:41 DEBUG SettingsFactory:403 - Allow initialization of lazy state outside session : : disabled
2018-03-15 12:17:41 DEBUG SettingsFactory:413 - JTA Track by Thread: enabled
2018-03-15 12:17:41 DEBUG SessionFactoryImpl:229 - Building session factory
2018-03-15 12:17:41 DEBUG SessionFactoryImpl:285 - Session factory constructed with filter configurations : {}
2018-03-15 12:17:41 DEBUG SessionFactoryImpl:286 - Instantiating session factory with properties: {java.vendor=Oracle Corporation, show_sql=true, sun.java.launcher=SUN_STANDARD, catalina.base=E:\Kofel\GitWorkSpace\WebServicesWorkSpace\.metadata\.plugins\org.eclipse.wst.server.core\tmp0, hibernate.connection.url=jdbc:mysql://localhost:3306/db1, sun.management.compiler=HotSpot 64-Bit Tiered Compilers, catalina.useNaming=true, os.name=Windows 10, hbm2ddl.auto=update, sun.boot.class.path=C:\Program Files\Java\jre1.8.0_161\lib\resources.jar;C:\Program Files\Java\jre1.8.0_161\lib\rt.jar;C:\Program Files\Java\jre1.8.0_161\lib\sunrsasign.jar;C:\Program Files\Java\jre1.8.0_161\lib\jsse.jar;C:\Program Files\Java\jre1.8.0_161\lib\jce.jar;C:\Program Files\Java\jre1.8.0_161\lib\charsets.jar;C:\Program Files\Java\jre1.8.0_161\lib\jfr.jar;C:\Program Files\Java\jre1.8.0_161\classes, sun.desktop=windows, java.vm.specification.vendor=Oracle Corporation, java.runtime.version=1.8.0_161-b12, user.name=kofel, shared.loader=, tomcat.util.buf.StringCache.byte.enabled=true, user.language=en, java.naming.factory.initial=org.apache.naming.java.javaURLContextFactory, sun.boot.library.path=C:\Program Files\Java\jre1.8.0_161\bin, java.version=1.8.0_161, user.timezone=America/Los_Angeles, sun.arch.data.model=64, java.endorsed.dirs=C:\Program Files (x86)\Apache Software Foundation\Tomcat 7.0\endorsed, sun.cpu.isalist=amd64, sun.jnu.encoding=Cp1252, file.encoding.pkg=sun.io, package.access=sun.,org.apache.catalina.,org.apache.coyote.,org.apache.tomcat.,org.apache.jasper., file.separator=\, java.specification.name=Java Platform API Specification, hibernate.format_sql=false, java.class.version=52.0, user.country=US, java.home=C:\Program Files\Java\jre1.8.0_161, java.vm.info=mixed mode, os.version=10.0, path.separator=;, java.vm.version=25.161-b12, hibernate.connection.password=kofel, user.variant=, java.awt.printerjob=sun.awt.windows.WPrinterJob, sun.io.unicode.encoding=UnicodeLittle, tomcat.util.scan.DefaultJarScanner.jarsToSkip=bootstrap.jar,commons-daemon.jar,tomcat-juli.jar,annotations-api.jar,el-api.jar,jsp-api.jar,servlet-api.jar,catalina.jar,catalina-ant.jar,catalina-ha.jar,catalina-tribes.jar,jasper.jar,jasper-el.jar,ecj-*.jar,tomcat-api.jar,tomcat-util.jar,tomcat-coyote.jar,tomcat-dbcp.jar,tomcat-jni.jar,tomcat-spdy.jar,tomcat-i18n-en.jar,tomcat-i18n-es.jar,tomcat-i18n-fr.jar,tomcat-i18n-ja.jar,tomcat-juli-adapters.jar,catalina-jmx-remote.jar,catalina-ws.jar,tomcat-jdbc.jar,tools.jar,commons-beanutils*.jar,commons-codec*.jar,commons-collections*.jar,commons-dbcp*.jar,commons-digester*.jar,commons-fileupload*.jar,commons-httpclient*.jar,commons-io*.jar,commons-lang*.jar,commons-logging*.jar,commons-math*.jar,commons-pool*.jar,jstl.jar,geronimo-spec-jaxrpc*.jar,wsdl4j*.jar,ant.jar,ant-junit*.jar,aspectj*.jar,jmx.jar,h2*.jar,hibernate*.jar,httpclient*.jar,jmx-tools.jar,jta*.jar,log4j*.jar,mail*.jar,slf4j*.jar,xercesImpl.jar,xmlParserAPIs.jar,xml-apis.jar,junit.jar,junit-*.jar,ant-launcher.jar, awt.toolkit=sun.awt.windows.WToolkit, hibernate.connection.username=root, package.definition=sun.,java.,org.apache.catalina.,org.apache.coyote.,org.apache.tomcat.,org.apache.jasper., user.script=, java.naming.factory.url.pkgs=org.apache.naming, user.home=C:\Users\kofel, org.apache.catalina.startup.ContextConfig.jarsToSkip=, java.specification.vendor=Oracle Corporation, hibernate.hbm2ddl.auto=update, java.library.path=C:\Program Files\Java\jre1.8.0_161\bin;C:\WINDOWS\Sun\Java\bin;C:\WINDOWS\system32;C:\WINDOWS;C:/Program Files/Java/jre1.8.0_161/bin/server;C:/Program Files/Java/jre1.8.0_161/bin;C:/Program Files/Java/jre1.8.0_161/lib/amd64;C:\ProgramData\Oracle\Java\javapath;C:\WINDOWS\system32;C:\WINDOWS;C:\WINDOWS\System32\Wbem;C:\WINDOWS\System32\WindowsPowerShell\v1.0\;C:\Program Files\nodejs\;C:\Program Files\Git\cmd;C:\Users\kofel\AppData\Local\Microsoft\WindowsApps;C:\Program Files\Java\jdk1.8.0_161\bin;C:\Users\kofel\AppData\Roaming\npm;C:\Program Files\Microsoft VS Code\bin;E:\Kofel\eclipse-jee-mars-R-win32-x86_64\eclipse;;., java.vendor.url=http://java.oracle.com/, hibernate.connection.driver_class=com.mysql.jdbc.Driver, org.apache.catalina.startup.TldConfig.jarsToSkip=, java.vm.vendor=Oracle Corporation, hibernate.dialect=org.hibernate.dialect.MySQLDialect, common.loader=E:\Kofel\GitWorkSpace\WebServicesWorkSpace\.metadata\.plugins\org.eclipse.wst.server.core\tmp0/lib,E:\Kofel\GitWorkSpace\WebServicesWorkSpace\.metadata\.plugins\org.eclipse.wst.server.core\tmp0/lib/*.jar,C:\Program Files (x86)\Apache Software Foundation\Tomcat 7.0/lib,C:\Program Files (x86)\Apache Software Foundation\Tomcat 7.0/lib/*.jar, java.runtime.name=Java(TM) SE Runtime Environment, sun.java.command=org.apache.catalina.startup.Bootstrap start, java.class.path=C:\Program Files (x86)\Apache Software Foundation\Tomcat 7.0\bin\bootstrap.jar;C:\Program Files (x86)\Apache Software Foundation\Tomcat 7.0\bin\tomcat-juli.jar, hibernate.bytecode.use_reflection_optimizer=false, java.vm.specification.name=Java Virtual Machine Specification, java.vm.specification.version=1.8, catalina.home=C:\Program Files (x86)\Apache Software Foundation\Tomcat 7.0, sun.cpu.endian=little, sun.os.patch.level=, java.io.tmpdir=C:\Users\kofel\AppData\Local\Temp\, java.vendor.url.bug=http://bugreport.sun.com/bugreport/, server.loader=, java.awt.graphicsenv=sun.awt.Win32GraphicsEnvironment, os.arch=amd64, java.ext.dirs=C:\Program Files\Java\jre1.8.0_161\lib\ext;C:\WINDOWS\Sun\Java\lib\ext, user.dir=E:\Kofel\eclipse-jee-mars-R-win32-x86_64\eclipse, line.separator=
, java.vm.name=Java HotSpot(TM) 64-Bit Server VM, wtp.deploy=E:\Kofel\GitWorkSpace\WebServicesWorkSpace\.metadata\.plugins\org.eclipse.wst.server.core\tmp0\wtpwebapps, file.encoding=Cp1252, format_sql=false, java.specification.version=1.8, hibernate.show_sql=true}
2018-03-15 12:17:41 DEBUG JaccIntegrator:90 - Skipping JACC integration as it was not enabled
2018-03-15 12:17:41 DEBUG DefaultIdentifierGeneratorFactory:107 - Setting dialect [org.hibernate.dialect.MySQLDialect]
2018-03-15 12:17:41 INFO  Student:19 - Student Class instancated
2018-03-15 12:17:41 DEBUG AbstractEntityPersister:3676 - Static SQL for entity: com.kc.hibernate.Student
2018-03-15 12:17:41 DEBUG AbstractEntityPersister:3681 -  Version select: select id from STUDENT where id =?
2018-03-15 12:17:41 DEBUG AbstractEntityPersister:3684 -  Snapshot select: select student_.id, student_.firstName as firstNam2_0_, student_.lastName as lastName3_0_, student_.section as section4_0_ from STUDENT student_ where student_.id=?
2018-03-15 12:17:41 DEBUG AbstractEntityPersister:3687 -  Insert 0: insert into STUDENT (firstName, lastName, section, id) values (?, ?, ?, ?)
2018-03-15 12:17:41 DEBUG AbstractEntityPersister:3688 -  Update 0: update STUDENT set firstName=?, lastName=?, section=? where id=?
2018-03-15 12:17:41 DEBUG AbstractEntityPersister:3689 -  Delete 0: delete from STUDENT where id=?
2018-03-15 12:17:41 DEBUG AbstractEntityPersister:3692 -  Identity insert: insert into STUDENT (firstName, lastName, section) values (?, ?, ?)
2018-03-15 12:17:41 DEBUG QuerySpacesImpl:192 - Adding QuerySpace : uid = <gen:0> -> org.hibernate.loader.plan.build.internal.spaces.EntityQuerySpaceImpl@2a883119]
2018-03-15 12:17:41 DEBUG MetamodelGraphWalker:154 - Visiting attribute path : firstName
2018-03-15 12:17:41 DEBUG MetamodelGraphWalker:154 - Visiting attribute path : lastName
2018-03-15 12:17:41 DEBUG MetamodelGraphWalker:154 - Visiting attribute path : section
2018-03-15 12:17:41 DEBUG FetchStyleLoadPlanBuildingAssociationVisitationStrategy:94 - Building LoadPlan...
2018-03-15 12:17:41 DEBUG LoadQueryJoinAndFetchProcessor:111 - processing queryspace <gen:0>
2018-03-15 12:17:41 DEBUG LoadPlanTreePrinter:72 - LoadPlan(entity=com.kc.hibernate.Student)
    - Returns
       - EntityReturnImpl(entity=com.kc.hibernate.Student, querySpaceUid=<gen:0>, path=com.kc.hibernate.Student)
    - QuerySpaces
       - EntityQuerySpaceImpl(uid=<gen:0>, entity=com.kc.hibernate.Student)
          - SQL table alias mapping - student0_
          - alias suffix - 0_
          - suffixed key columns - {id1_0_0_}

2018-03-15 12:17:41 DEBUG EntityLoader:146 - Static select for entity com.kc.hibernate.Student [NONE]: select student0_.id as id1_0_0_, student0_.firstName as firstNam2_0_0_, student0_.lastName as lastName3_0_0_, student0_.section as section4_0_0_ from STUDENT student0_ where student0_.id=?
2018-03-15 12:17:41 DEBUG QuerySpacesImpl:192 - Adding QuerySpace : uid = <gen:0> -> org.hibernate.loader.plan.build.internal.spaces.EntityQuerySpaceImpl@482f5a0b]
2018-03-15 12:17:41 DEBUG MetamodelGraphWalker:154 - Visiting attribute path : firstName
2018-03-15 12:17:41 DEBUG MetamodelGraphWalker:154 - Visiting attribute path : lastName
2018-03-15 12:17:41 DEBUG MetamodelGraphWalker:154 - Visiting attribute path : section
2018-03-15 12:17:41 DEBUG FetchStyleLoadPlanBuildingAssociationVisitationStrategy:94 - Building LoadPlan...
2018-03-15 12:17:41 DEBUG LoadQueryJoinAndFetchProcessor:111 - processing queryspace <gen:0>
2018-03-15 12:17:41 DEBUG LoadPlanTreePrinter:72 - LoadPlan(entity=com.kc.hibernate.Student)
    - Returns
       - EntityReturnImpl(entity=com.kc.hibernate.Student, querySpaceUid=<gen:0>, path=com.kc.hibernate.Student)
    - QuerySpaces
       - EntityQuerySpaceImpl(uid=<gen:0>, entity=com.kc.hibernate.Student)
          - SQL table alias mapping - student0_
          - alias suffix - 0_
          - suffixed key columns - {id1_0_0_}

2018-03-15 12:17:41 DEBUG EntityLoader:146 - Static select for entity com.kc.hibernate.Student [READ]: select student0_.id as id1_0_0_, student0_.firstName as firstNam2_0_0_, student0_.lastName as lastName3_0_0_, student0_.section as section4_0_0_ from STUDENT student0_ where student0_.id=?
2018-03-15 12:17:41 DEBUG QuerySpacesImpl:192 - Adding QuerySpace : uid = <gen:0> -> org.hibernate.loader.plan.build.internal.spaces.EntityQuerySpaceImpl@22ee39cb]
2018-03-15 12:17:41 DEBUG MetamodelGraphWalker:154 - Visiting attribute path : firstName
2018-03-15 12:17:41 DEBUG MetamodelGraphWalker:154 - Visiting attribute path : lastName
2018-03-15 12:17:41 DEBUG MetamodelGraphWalker:154 - Visiting attribute path : section
2018-03-15 12:17:41 DEBUG FetchStyleLoadPlanBuildingAssociationVisitationStrategy:94 - Building LoadPlan...
2018-03-15 12:17:41 DEBUG LoadQueryJoinAndFetchProcessor:111 - processing queryspace <gen:0>
2018-03-15 12:17:41 DEBUG LoadPlanTreePrinter:72 - LoadPlan(entity=com.kc.hibernate.Student)
    - Returns
       - EntityReturnImpl(entity=com.kc.hibernate.Student, querySpaceUid=<gen:0>, path=com.kc.hibernate.Student)
    - QuerySpaces
       - EntityQuerySpaceImpl(uid=<gen:0>, entity=com.kc.hibernate.Student)
          - SQL table alias mapping - student0_
          - alias suffix - 0_
          - suffixed key columns - {id1_0_0_}

2018-03-15 12:17:41 DEBUG EntityLoader:146 - Static select for entity com.kc.hibernate.Student [UPGRADE]: select student0_.id as id1_0_0_, student0_.firstName as firstNam2_0_0_, student0_.lastName as lastName3_0_0_, student0_.section as section4_0_0_ from STUDENT student0_ where student0_.id=? for update
2018-03-15 12:17:41 DEBUG QuerySpacesImpl:192 - Adding QuerySpace : uid = <gen:0> -> org.hibernate.loader.plan.build.internal.spaces.EntityQuerySpaceImpl@35e579bc]
2018-03-15 12:17:41 DEBUG MetamodelGraphWalker:154 - Visiting attribute path : firstName
2018-03-15 12:17:41 DEBUG MetamodelGraphWalker:154 - Visiting attribute path : lastName
2018-03-15 12:17:41 DEBUG MetamodelGraphWalker:154 - Visiting attribute path : section
2018-03-15 12:17:41 DEBUG FetchStyleLoadPlanBuildingAssociationVisitationStrategy:94 - Building LoadPlan...
2018-03-15 12:17:41 DEBUG LoadQueryJoinAndFetchProcessor:111 - processing queryspace <gen:0>
2018-03-15 12:17:41 DEBUG LoadPlanTreePrinter:72 - LoadPlan(entity=com.kc.hibernate.Student)
    - Returns
       - EntityReturnImpl(entity=com.kc.hibernate.Student, querySpaceUid=<gen:0>, path=com.kc.hibernate.Student)
    - QuerySpaces
       - EntityQuerySpaceImpl(uid=<gen:0>, entity=com.kc.hibernate.Student)
          - SQL table alias mapping - student0_
          - alias suffix - 0_
          - suffixed key columns - {id1_0_0_}

2018-03-15 12:17:41 DEBUG EntityLoader:146 - Static select for entity com.kc.hibernate.Student [UPGRADE_NOWAIT]: select student0_.id as id1_0_0_, student0_.firstName as firstNam2_0_0_, student0_.lastName as lastName3_0_0_, student0_.section as section4_0_0_ from STUDENT student0_ where student0_.id=? for update
2018-03-15 12:17:41 DEBUG QuerySpacesImpl:192 - Adding QuerySpace : uid = <gen:0> -> org.hibernate.loader.plan.build.internal.spaces.EntityQuerySpaceImpl@6441fca0]
2018-03-15 12:17:41 DEBUG MetamodelGraphWalker:154 - Visiting attribute path : firstName
2018-03-15 12:17:41 DEBUG MetamodelGraphWalker:154 - Visiting attribute path : lastName
2018-03-15 12:17:41 DEBUG MetamodelGraphWalker:154 - Visiting attribute path : section
2018-03-15 12:17:41 DEBUG FetchStyleLoadPlanBuildingAssociationVisitationStrategy:94 - Building LoadPlan...
2018-03-15 12:17:41 DEBUG LoadQueryJoinAndFetchProcessor:111 - processing queryspace <gen:0>
2018-03-15 12:17:41 DEBUG LoadPlanTreePrinter:72 - LoadPlan(entity=com.kc.hibernate.Student)
    - Returns
       - EntityReturnImpl(entity=com.kc.hibernate.Student, querySpaceUid=<gen:0>, path=com.kc.hibernate.Student)
    - QuerySpaces
       - EntityQuerySpaceImpl(uid=<gen:0>, entity=com.kc.hibernate.Student)
          - SQL table alias mapping - student0_
          - alias suffix - 0_
          - suffixed key columns - {id1_0_0_}

2018-03-15 12:17:41 DEBUG EntityLoader:146 - Static select for entity com.kc.hibernate.Student [UPGRADE_SKIPLOCKED]: select student0_.id as id1_0_0_, student0_.firstName as firstNam2_0_0_, student0_.lastName as lastName3_0_0_, student0_.section as section4_0_0_ from STUDENT student0_ where student0_.id=? for update
2018-03-15 12:17:41 DEBUG QuerySpacesImpl:192 - Adding QuerySpace : uid = <gen:0> -> org.hibernate.loader.plan.build.internal.spaces.EntityQuerySpaceImpl@39becb28]
2018-03-15 12:17:41 DEBUG MetamodelGraphWalker:154 - Visiting attribute path : firstName
2018-03-15 12:17:41 DEBUG MetamodelGraphWalker:154 - Visiting attribute path : lastName
2018-03-15 12:17:41 DEBUG MetamodelGraphWalker:154 - Visiting attribute path : section
2018-03-15 12:17:41 DEBUG FetchStyleLoadPlanBuildingAssociationVisitationStrategy:94 - Building LoadPlan...
2018-03-15 12:17:41 DEBUG LoadQueryJoinAndFetchProcessor:111 - processing queryspace <gen:0>
2018-03-15 12:17:41 DEBUG LoadPlanTreePrinter:72 - LoadPlan(entity=com.kc.hibernate.Student)
    - Returns
       - EntityReturnImpl(entity=com.kc.hibernate.Student, querySpaceUid=<gen:0>, path=com.kc.hibernate.Student)
    - QuerySpaces
       - EntityQuerySpaceImpl(uid=<gen:0>, entity=com.kc.hibernate.Student)
          - SQL table alias mapping - student0_
          - alias suffix - 0_
          - suffixed key columns - {id1_0_0_}

2018-03-15 12:17:41 DEBUG EntityLoader:146 - Static select for entity com.kc.hibernate.Student [FORCE]: select student0_.id as id1_0_0_, student0_.firstName as firstNam2_0_0_, student0_.lastName as lastName3_0_0_, student0_.section as section4_0_0_ from STUDENT student0_ where student0_.id=? for update
2018-03-15 12:17:41 DEBUG QuerySpacesImpl:192 - Adding QuerySpace : uid = <gen:0> -> org.hibernate.loader.plan.build.internal.spaces.EntityQuerySpaceImpl@703eb18a]
2018-03-15 12:17:41 DEBUG MetamodelGraphWalker:154 - Visiting attribute path : firstName
2018-03-15 12:17:41 DEBUG MetamodelGraphWalker:154 - Visiting attribute path : lastName
2018-03-15 12:17:41 DEBUG MetamodelGraphWalker:154 - Visiting attribute path : section
2018-03-15 12:17:41 DEBUG FetchStyleLoadPlanBuildingAssociationVisitationStrategy:94 - Building LoadPlan...
2018-03-15 12:17:41 DEBUG LoadQueryJoinAndFetchProcessor:111 - processing queryspace <gen:0>
2018-03-15 12:17:41 DEBUG LoadPlanTreePrinter:72 - LoadPlan(entity=com.kc.hibernate.Student)
    - Returns
       - EntityReturnImpl(entity=com.kc.hibernate.Student, querySpaceUid=<gen:0>, path=com.kc.hibernate.Student)
    - QuerySpaces
       - EntityQuerySpaceImpl(uid=<gen:0>, entity=com.kc.hibernate.Student)
          - SQL table alias mapping - student0_
          - alias suffix - 0_
          - suffixed key columns - {id1_0_0_}

2018-03-15 12:17:41 DEBUG EntityLoader:146 - Static select for entity com.kc.hibernate.Student [PESSIMISTIC_READ]: select student0_.id as id1_0_0_, student0_.firstName as firstNam2_0_0_, student0_.lastName as lastName3_0_0_, student0_.section as section4_0_0_ from STUDENT student0_ where student0_.id=? lock in share mode
2018-03-15 12:17:41 DEBUG QuerySpacesImpl:192 - Adding QuerySpace : uid = <gen:0> -> org.hibernate.loader.plan.build.internal.spaces.EntityQuerySpaceImpl@5b0d30c8]
2018-03-15 12:17:41 DEBUG MetamodelGraphWalker:154 - Visiting attribute path : firstName
2018-03-15 12:17:41 DEBUG MetamodelGraphWalker:154 - Visiting attribute path : lastName
2018-03-15 12:17:41 DEBUG MetamodelGraphWalker:154 - Visiting attribute path : section
2018-03-15 12:17:41 DEBUG FetchStyleLoadPlanBuildingAssociationVisitationStrategy:94 - Building LoadPlan...
2018-03-15 12:17:41 DEBUG LoadQueryJoinAndFetchProcessor:111 - processing queryspace <gen:0>
2018-03-15 12:17:41 DEBUG LoadPlanTreePrinter:72 - LoadPlan(entity=com.kc.hibernate.Student)
    - Returns
       - EntityReturnImpl(entity=com.kc.hibernate.Student, querySpaceUid=<gen:0>, path=com.kc.hibernate.Student)
    - QuerySpaces
       - EntityQuerySpaceImpl(uid=<gen:0>, entity=com.kc.hibernate.Student)
          - SQL table alias mapping - student0_
          - alias suffix - 0_
          - suffixed key columns - {id1_0_0_}

2018-03-15 12:17:41 DEBUG EntityLoader:146 - Static select for entity com.kc.hibernate.Student [PESSIMISTIC_WRITE]: select student0_.id as id1_0_0_, student0_.firstName as firstNam2_0_0_, student0_.lastName as lastName3_0_0_, student0_.section as section4_0_0_ from STUDENT student0_ where student0_.id=? for update
2018-03-15 12:17:41 DEBUG QuerySpacesImpl:192 - Adding QuerySpace : uid = <gen:0> -> org.hibernate.loader.plan.build.internal.spaces.EntityQuerySpaceImpl@4a8affb7]
2018-03-15 12:17:41 DEBUG MetamodelGraphWalker:154 - Visiting attribute path : firstName
2018-03-15 12:17:41 DEBUG MetamodelGraphWalker:154 - Visiting attribute path : lastName
2018-03-15 12:17:41 DEBUG MetamodelGraphWalker:154 - Visiting attribute path : section
2018-03-15 12:17:41 DEBUG FetchStyleLoadPlanBuildingAssociationVisitationStrategy:94 - Building LoadPlan...
2018-03-15 12:17:41 DEBUG LoadQueryJoinAndFetchProcessor:111 - processing queryspace <gen:0>
2018-03-15 12:17:41 DEBUG LoadPlanTreePrinter:72 - LoadPlan(entity=com.kc.hibernate.Student)
    - Returns
       - EntityReturnImpl(entity=com.kc.hibernate.Student, querySpaceUid=<gen:0>, path=com.kc.hibernate.Student)
    - QuerySpaces
       - EntityQuerySpaceImpl(uid=<gen:0>, entity=com.kc.hibernate.Student)
          - SQL table alias mapping - student0_
          - alias suffix - 0_
          - suffixed key columns - {id1_0_0_}

2018-03-15 12:17:41 DEBUG EntityLoader:146 - Static select for entity com.kc.hibernate.Student [PESSIMISTIC_FORCE_INCREMENT]: select student0_.id as id1_0_0_, student0_.firstName as firstNam2_0_0_, student0_.lastName as lastName3_0_0_, student0_.section as section4_0_0_ from STUDENT student0_ where student0_.id=? for update
2018-03-15 12:17:41 DEBUG QuerySpacesImpl:192 - Adding QuerySpace : uid = <gen:0> -> org.hibernate.loader.plan.build.internal.spaces.EntityQuerySpaceImpl@465ff71b]
2018-03-15 12:17:41 DEBUG MetamodelGraphWalker:154 - Visiting attribute path : firstName
2018-03-15 12:17:41 DEBUG MetamodelGraphWalker:154 - Visiting attribute path : lastName
2018-03-15 12:17:41 DEBUG MetamodelGraphWalker:154 - Visiting attribute path : section
2018-03-15 12:17:41 DEBUG FetchStyleLoadPlanBuildingAssociationVisitationStrategy:94 - Building LoadPlan...
2018-03-15 12:17:41 DEBUG LoadQueryJoinAndFetchProcessor:111 - processing queryspace <gen:0>
2018-03-15 12:17:41 DEBUG LoadPlanTreePrinter:72 - LoadPlan(entity=com.kc.hibernate.Student)
    - Returns
       - EntityReturnImpl(entity=com.kc.hibernate.Student, querySpaceUid=<gen:0>, path=com.kc.hibernate.Student)
    - QuerySpaces
       - EntityQuerySpaceImpl(uid=<gen:0>, entity=com.kc.hibernate.Student)
          - SQL table alias mapping - student0_
          - alias suffix - 0_
          - suffixed key columns - {id1_0_0_}

2018-03-15 12:17:41 DEBUG EntityLoader:146 - Static select for entity com.kc.hibernate.Student [OPTIMISTIC]: select student0_.id as id1_0_0_, student0_.firstName as firstNam2_0_0_, student0_.lastName as lastName3_0_0_, student0_.section as section4_0_0_ from STUDENT student0_ where student0_.id=?
2018-03-15 12:17:41 DEBUG QuerySpacesImpl:192 - Adding QuerySpace : uid = <gen:0> -> org.hibernate.loader.plan.build.internal.spaces.EntityQuerySpaceImpl@79033a6b]
2018-03-15 12:17:41 DEBUG MetamodelGraphWalker:154 - Visiting attribute path : firstName
2018-03-15 12:17:41 DEBUG MetamodelGraphWalker:154 - Visiting attribute path : lastName
2018-03-15 12:17:41 DEBUG MetamodelGraphWalker:154 - Visiting attribute path : section
2018-03-15 12:17:41 DEBUG FetchStyleLoadPlanBuildingAssociationVisitationStrategy:94 - Building LoadPlan...
2018-03-15 12:17:41 DEBUG LoadQueryJoinAndFetchProcessor:111 - processing queryspace <gen:0>
2018-03-15 12:17:41 DEBUG LoadPlanTreePrinter:72 - LoadPlan(entity=com.kc.hibernate.Student)
    - Returns
       - EntityReturnImpl(entity=com.kc.hibernate.Student, querySpaceUid=<gen:0>, path=com.kc.hibernate.Student)
    - QuerySpaces
       - EntityQuerySpaceImpl(uid=<gen:0>, entity=com.kc.hibernate.Student)
          - SQL table alias mapping - student0_
          - alias suffix - 0_
          - suffixed key columns - {id1_0_0_}

2018-03-15 12:17:41 DEBUG EntityLoader:146 - Static select for entity com.kc.hibernate.Student [OPTIMISTIC_FORCE_INCREMENT]: select student0_.id as id1_0_0_, student0_.firstName as firstNam2_0_0_, student0_.lastName as lastName3_0_0_, student0_.section as section4_0_0_ from STUDENT student0_ where student0_.id=?
2018-03-15 12:17:41 DEBUG Loader:56 - Static select for action ACTION_MERGE on entity com.kc.hibernate.Student: select student0_.id as id1_0_0_, student0_.firstName as firstNam2_0_0_, student0_.lastName as lastName3_0_0_, student0_.section as section4_0_0_ from STUDENT student0_ where student0_.id=?
2018-03-15 12:17:41 DEBUG Loader:56 - Static select for action ACTION_REFRESH on entity com.kc.hibernate.Student: select student0_.id as id1_0_0_, student0_.firstName as firstNam2_0_0_, student0_.lastName as lastName3_0_0_, student0_.section as section4_0_0_ from STUDENT student0_ where student0_.id=?
2018-03-15 12:17:41 DEBUG SessionFactoryRegistry:67 - Initializing SessionFactoryRegistry : org.hibernate.internal.SessionFactoryRegistry@271662b1
2018-03-15 12:17:41 DEBUG SessionFactoryRegistry:89 - Registering SessionFactory: 1592d5f8-a0b7-4843-b6c3-46b6abdb5905 (<unnamed>)
2018-03-15 12:17:41 DEBUG SessionFactoryRegistry:96 - Not binding SessionFactory to JNDI, no JNDI name configured
2018-03-15 12:17:41 DEBUG SessionFactoryImpl:505 - Instantiated session factory
2018-03-15 12:17:41 INFO  SchemaUpdate:182 - HHH000228: Running hbm2ddl schema update
2018-03-15 12:17:41 INFO  SchemaUpdate:193 - HHH000102: Fetching database metadata
2018-03-15 12:17:41 INFO  SchemaUpdate:205 - HHH000396: Updating schema
2018-03-15 12:17:41 DEBUG Configuration:3748 - Processing hbm.xml files
2018-03-15 12:17:41 DEBUG Configuration:3778 - Process annotated classes
2018-03-15 12:17:41 DEBUG Configuration:1482 - Processing fk mappings (*ToOne and JoinedSubclass)
2018-03-15 12:17:41 DEBUG Configuration:1687 - Processing extends queue
2018-03-15 12:17:41 DEBUG Configuration:1745 - Processing extends queue
2018-03-15 12:17:41 DEBUG Configuration:1690 - Processing collection mappings
2018-03-15 12:17:41 DEBUG Configuration:1700 - Processing native query and ResultSetMapping mappings
2018-03-15 12:17:41 DEBUG Configuration:1708 - Processing association property references
2018-03-15 12:17:41 DEBUG Configuration:1730 - Creating tables' unique integer identifiers
2018-03-15 12:17:41 DEBUG Configuration:1731 - Processing foreign key constraints
2018-03-15 12:17:41 INFO  TableMetadata:66 - HHH000261: Table found: db1.student
2018-03-15 12:17:41 INFO  TableMetadata:67 - HHH000037: Columns: [firstname, section, id, lastname]
2018-03-15 12:17:41 INFO  TableMetadata:69 - HHH000108: Foreign keys: []
2018-03-15 12:17:41 INFO  TableMetadata:70 - HHH000126: Indexes: [primary]
2018-03-15 12:17:41 DEBUG DefaultIdentifierGeneratorFactory:107 - Setting dialect [org.hibernate.dialect.MySQLDialect]
2018-03-15 12:17:41 INFO  SchemaUpdate:242 - HHH000232: Schema update complete
2018-03-15 12:17:41 DEBUG NamedQueryRepository:155 - Checking 0 named HQL queries
2018-03-15 12:17:41 DEBUG NamedQueryRepository:171 - Checking 0 named SQL queries
2018-03-15 12:17:41 DEBUG StatisticsInitiator:110 - Statistics initialized [enabled=false]
2018-03-15 12:17:42 INFO  HibernateUtil:25 - getSessionFactory
2018-03-15 12:17:42 DEBUG AbstractTransactionImpl:160 - begin
2018-03-15 12:17:42 DEBUG LogicalConnectionImpl:226 - Obtaining JDBC connection
2018-03-15 12:17:42 DEBUG LogicalConnectionImpl:232 - Obtained JDBC connection
2018-03-15 12:17:42 DEBUG JdbcTransaction:69 - initial autocommit status: false
2018-03-15 12:17:42 DEBUG QueryTranslatorImpl:294 - parse() - HQL: FROM com.kc.hibernate.Student s ORDER BY s.firstName ASC
2018-03-15 12:17:42 DEBUG QueryTranslatorImpl:312 - --- HQL AST ---
 \-[QUERY] Node: 'query'
    +-[SELECT_FROM] Node: 'SELECT_FROM'
    |  \-[FROM] Node: 'FROM'
    |     \-[RANGE] Node: 'RANGE'
    |        +-[DOT] Node: '.'
    |        |  +-[DOT] Node: '.'
    |        |  |  +-[DOT] Node: '.'
    |        |  |  |  +-[IDENT] Node: 'com'
    |        |  |  |  \-[IDENT] Node: 'kc'
    |        |  |  \-[IDENT] Node: 'hibernate'
    |        |  \-[IDENT] Node: 'Student'
    |        \-[ALIAS] Node: 's'
    \-[ORDER] Node: 'ORDER'
       +-[DOT] Node: '.'
       |  +-[IDENT] Node: 's'
       |  \-[IDENT] Node: 'firstName'
       \-[ASCENDING] Node: 'ASC'

2018-03-15 12:17:42 DEBUG ErrorCounter:113 - throwQueryException() : no errors
2018-03-15 12:17:42 DEBUG HqlSqlBaseWalker:121 - select << begin [level=1, statement=select]
2018-03-15 12:17:42 DEBUG FromElement:158 - FromClause{level=1} : com.kc.hibernate.Student (s) -> student0_
2018-03-15 12:17:42 DEBUG FromReferenceNode:77 - Resolved : s -> student0_.id
2018-03-15 12:17:42 DEBUG DotNode:653 - getDataType() : firstName -> org.hibernate.type.StringType@3f64e8b2
2018-03-15 12:17:42 DEBUG FromReferenceNode:77 - Resolved : s.firstName -> student0_.firstName
2018-03-15 12:17:42 DEBUG HqlSqlBaseWalker:125 - select : finishing up [level=1, statement=select]
2018-03-15 12:17:42 DEBUG HqlSqlWalker:665 - processQuery() :  ( SELECT ( FromClause{level=1} STUDENT student0_ ) ( ORDER ( student0_.firstName student0_.id firstName ) ASC ) )
2018-03-15 12:17:42 DEBUG HqlSqlWalker:934 - Derived SELECT clause created.
2018-03-15 12:17:42 DEBUG JoinProcessor:187 - Using FROM fragment [STUDENT student0_]
2018-03-15 12:17:42 DEBUG HqlSqlBaseWalker:129 - select >> end [level=1, statement=select]
2018-03-15 12:17:42 DEBUG QueryTranslatorImpl:281 - --- SQL AST ---
 \-[SELECT] QueryNode: 'SELECT'  querySpaces (STUDENT)
    +-[SELECT_CLAUSE] SelectClause: '{derived select clause}'
    |  +-[SELECT_EXPR] SelectExpressionImpl: 'student0_.id as id1_0_' {FromElement{explicit,not a collection join,not a fetch join,fetch non-lazy properties,classAlias=s,role=null,tableName=STUDENT,tableAlias=student0_,origin=null,columns={,className=com.kc.hibernate.Student}}}
    |  \-[SQL_TOKEN] SqlFragment: 'student0_.firstName as firstNam2_0_, student0_.lastName as lastName3_0_, student0_.section as section4_0_'
    +-[FROM] FromClause: 'FROM' FromClause{level=1, fromElementCounter=1, fromElements=1, fromElementByClassAlias=[s], fromElementByTableAlias=[student0_], fromElementsByPath=[], collectionJoinFromElementsByPath=[], impliedElements=[]}
    |  \-[FROM_FRAGMENT] FromElement: 'STUDENT student0_' FromElement{explicit,not a collection join,not a fetch join,fetch non-lazy properties,classAlias=s,role=null,tableName=STUDENT,tableAlias=student0_,origin=null,columns={,className=com.kc.hibernate.Student}}
    \-[ORDER] OrderByClause: 'ORDER'
       +-[DOT] DotNode: 'student0_.firstName' {propertyName=firstName,dereferenceType=PRIMITIVE,getPropertyPath=firstName,path=s.firstName,tableAlias=student0_,className=com.kc.hibernate.Student,classAlias=s}
       |  +-[ALIAS_REF] IdentNode: 'student0_.id' {alias=s, className=com.kc.hibernate.Student, tableAlias=student0_}
       |  \-[IDENT] IdentNode: 'firstName' {originalText=firstName}
       \-[ASCENDING] SqlNode: 'ASC'

2018-03-15 12:17:42 DEBUG ErrorCounter:113 - throwQueryException() : no errors
2018-03-15 12:17:42 DEBUG QueryTranslatorImpl:263 - HQL: FROM com.kc.hibernate.Student s ORDER BY s.firstName ASC
2018-03-15 12:17:42 DEBUG QueryTranslatorImpl:264 - SQL: select student0_.id as id1_0_, student0_.firstName as firstNam2_0_, student0_.lastName as lastName3_0_, student0_.section as section4_0_ from STUDENT student0_ order by student0_.firstName ASC
2018-03-15 12:17:42 DEBUG ErrorCounter:113 - throwQueryException() : no errors
2018-03-15 12:17:42 DEBUG SQL:109 - select student0_.id as id1_0_, student0_.firstName as firstNam2_0_, student0_.lastName as lastName3_0_, student0_.section as section4_0_ from STUDENT student0_ order by student0_.firstName ASC
2018-03-15 12:17:42 DEBUG Loader:951 - Result set row: 0
2018-03-15 12:17:42 DEBUG Loader:1485 - Result row: EntityKey[com.kc.hibernate.Student#1]
2018-03-15 12:17:42 INFO  Student:19 - Student Class instancated
2018-03-15 12:17:42 DEBUG Loader:951 - Result set row: 1
2018-03-15 12:17:42 DEBUG Loader:1485 - Result row: EntityKey[com.kc.hibernate.Student#2]
2018-03-15 12:17:42 INFO  Student:19 - Student Class instancated
2018-03-15 12:17:42 DEBUG TwoPhaseLoad:160 - Resolving associations for [com.kc.hibernate.Student#1]
2018-03-15 12:17:42 DEBUG TwoPhaseLoad:286 - Done materializing entity [com.kc.hibernate.Student#1]
2018-03-15 12:17:42 DEBUG TwoPhaseLoad:160 - Resolving associations for [com.kc.hibernate.Student#2]
2018-03-15 12:17:42 DEBUG TwoPhaseLoad:286 - Done materializing entity [com.kc.hibernate.Student#2]
2018-03-15 12:17:42 DEBUG AbstractTransactionImpl:175 - committing
2018-03-15 12:17:42 DEBUG AbstractFlushingEventListener:149 - Processing flush-time cascades
2018-03-15 12:17:42 DEBUG AbstractFlushingEventListener:189 - Dirty checking collections
2018-03-15 12:17:42 DEBUG AbstractFlushingEventListener:123 - Flushed: 0 insertions, 0 updates, 0 deletions to 2 objects
2018-03-15 12:17:42 DEBUG AbstractFlushingEventListener:130 - Flushed: 0 (re)creations, 0 updates, 0 removals to 0 collections
2018-03-15 12:17:42 DEBUG EntityPrinter:114 - Listing entities:
2018-03-15 12:17:42 DEBUG EntityPrinter:121 - com.kc.hibernate.Student{firstName=Kofel, lastName=xyz, section=A, id=1}
2018-03-15 12:17:42 DEBUG EntityPrinter:121 - com.kc.hibernate.Student{firstName=Kofel, lastName="Hussain", section=CS, id=2}
2018-03-15 12:17:42 DEBUG JdbcTransaction:113 - committed JDBC Connection
2018-03-15 12:17:42 DEBUG LogicalConnectionImpl:246 - Releasing JDBC connection
2018-03-15 12:17:42 DEBUG LogicalConnectionImpl:264 - Released JDBC connection
2018-03-15 12:18:11 DEBUG DriverManagerConnectionProviderImpl:120 - Connection pool now considered primed; min-size will be maintained
