2018-03-15 04:25:04,274 [Worker-11] INFO  o.e.m.c.i.l.LifecycleMappingFactory - Using org.maven.ide.eclipse.wtp.WarLifecycleMapping lifecycle mapping for MavenProject: com.kc:Lab1:0.0.1-SNAPSHOT @ E:\Kofel\GitWorkSpace\WebServicesWorkSpace\Lab1\pom.xml.
2018-03-15 04:25:09,460 [Worker-11] INFO  o.e.m.j.i.AbstractJavaProjectConfigurator - Adding source folder /Lab1/src/main/java
2018-03-15 04:25:09,461 [Worker-11] INFO  o.e.m.j.i.AbstractJavaProjectConfigurator - Adding resource folder /Lab1/src/main/resources
2018-03-15 04:25:09,462 [Worker-11] INFO  o.e.m.j.i.AbstractJavaProjectConfigurator - Adding source folder /Lab1/src/test/java
2018-03-15 04:25:09,462 [Worker-11] INFO  o.e.m.j.i.AbstractJavaProjectConfigurator - Adding resource folder /Lab1/src/test/resources
2018-03-15 04:25:10,735 [Worker-11] INFO  o.e.m.c.i.p.ProjectConfigurationManager - Imported and configured 1 project(s) in 17 sec
2018-03-15 04:25:11,790 [Worker-5] WARN  o.e.m.c.i.embedder.EclipseLogger - Using platform encoding (Cp1252 actually) to copy filtered resources, i.e. build is platform dependent!
2018-03-15 04:25:11,805 [Worker-5] INFO  o.e.m.c.i.embedder.EclipseLogger - Copying 0 resource
2018-03-15 04:25:11,807 [Worker-5] WARN  o.e.m.c.i.embedder.EclipseLogger - Using platform encoding (Cp1252 actually) to copy filtered resources, i.e. build is platform dependent!
2018-03-15 04:25:11,813 [Worker-5] INFO  o.e.m.c.i.embedder.EclipseLogger - Copying 0 resource
2018-03-15 04:28:54,216 [Worker-13] WARN  o.e.m.c.i.embedder.EclipseLogger - Using platform encoding (Cp1252 actually) to copy filtered resources, i.e. build is platform dependent!
2018-03-15 04:28:54,282 [Worker-13] INFO  o.e.m.c.i.embedder.EclipseLogger - Copying 0 resource
2018-03-15 04:28:54,285 [Worker-13] WARN  o.e.m.c.i.embedder.EclipseLogger - Using platform encoding (Cp1252 actually) to copy filtered resources, i.e. build is platform dependent!
2018-03-15 04:28:54,299 [Worker-13] INFO  o.e.m.c.i.embedder.EclipseLogger - Copying 0 resource
2018-03-15 04:29:00,870 [Worker-19] WARN  o.e.m.c.i.embedder.EclipseLogger - Using platform encoding (Cp1252 actually) to copy filtered resources, i.e. build is platform dependent!
2018-03-15 04:29:00,879 [Worker-19] INFO  o.e.m.c.i.embedder.EclipseLogger - Copying 0 resource
2018-03-15 04:29:00,881 [Worker-19] WARN  o.e.m.c.i.embedder.EclipseLogger - Using platform encoding (Cp1252 actually) to copy filtered resources, i.e. build is platform dependent!
2018-03-15 04:29:00,888 [Worker-19] INFO  o.e.m.c.i.embedder.EclipseLogger - Copying 0 resource
2018-03-15 04:30:23,553 [Worker-5] INFO  o.e.m.c.i.l.LifecycleMappingFactory - Using org.maven.ide.eclipse.wtp.WarLifecycleMapping lifecycle mapping for MavenProject: com.kc:Lab2-with-HibernetDAO:0.0.1-SNAPSHOT @ E:\Kofel\GitWorkSpace\WebServicesWorkSpace\Lab2-with-HibernetDAO\pom.xml.
2018-03-15 04:30:25,108 [Worker-5] INFO  o.e.m.j.i.AbstractJavaProjectConfigurator - Adding source folder /Lab2-with-HibernetDAO/src/main/java
2018-03-15 04:30:25,108 [Worker-5] INFO  o.e.m.j.i.AbstractJavaProjectConfigurator - Adding resource folder /Lab2-with-HibernetDAO/src/main/resources
2018-03-15 04:30:25,109 [Worker-5] INFO  o.e.m.j.i.AbstractJavaProjectConfigurator - Adding source folder /Lab2-with-HibernetDAO/src/test/java
2018-03-15 04:30:25,109 [Worker-5] INFO  o.e.m.j.i.AbstractJavaProjectConfigurator - Adding resource folder /Lab2-with-HibernetDAO/src/test/resources
2018-03-15 04:30:25,586 [Worker-5] INFO  o.e.m.c.i.p.ProjectConfigurationManager - Imported and configured 1 project(s) in 2 sec
2018-03-15 04:30:26,516 [Worker-19] WARN  o.e.m.c.i.embedder.EclipseLogger - Using platform encoding (Cp1252 actually) to copy filtered resources, i.e. build is platform dependent!
2018-03-15 04:30:26,543 [Worker-19] INFO  o.e.m.c.i.embedder.EclipseLogger - Copying 1 resource
2018-03-15 04:30:26,558 [Worker-19] WARN  o.e.m.c.i.embedder.EclipseLogger - Using platform encoding (Cp1252 actually) to copy filtered resources, i.e. build is platform dependent!
2018-03-15 04:30:26,566 [Worker-19] INFO  o.e.m.c.i.embedder.EclipseLogger - Copying 0 resource
2018-03-15 04:32:55,322 [Worker-19] INFO  o.e.m.c.i.l.LifecycleMappingFactory - Using org.maven.ide.eclipse.wtp.WarLifecycleMapping lifecycle mapping for MavenProject: com.kc:Lab3-RestWS-with-Hibernate-with-SpringXMLBased:0.0.1-SNAPSHOT @ E:\Kofel\GitWorkSpace\WebServicesWorkSpace\Lab3-RestWS-with-Hibernate-with-SpringXMLBased\pom.xml.
2018-03-15 04:32:56,852 [Worker-19] INFO  o.e.m.j.i.AbstractJavaProjectConfigurator - Adding source folder /Lab3-RestWS-with-Hibernate-with-SpringXMLBased/src/main/java
2018-03-15 04:32:56,852 [Worker-19] INFO  o.e.m.j.i.AbstractJavaProjectConfigurator - Adding resource folder /Lab3-RestWS-with-Hibernate-with-SpringXMLBased/src/main/resources
2018-03-15 04:32:56,853 [Worker-19] INFO  o.e.m.j.i.AbstractJavaProjectConfigurator - Adding source folder /Lab3-RestWS-with-Hibernate-with-SpringXMLBased/src/test/java
2018-03-15 04:32:56,853 [Worker-19] INFO  o.e.m.j.i.AbstractJavaProjectConfigurator - Adding resource folder /Lab3-RestWS-with-Hibernate-with-SpringXMLBased/src/test/resources
2018-03-15 04:32:57,383 [Worker-19] INFO  o.e.m.c.i.p.ProjectConfigurationManager - Imported and configured 1 project(s) in 2 sec
2018-03-15 04:32:58,131 [Worker-24] WARN  o.e.m.c.i.embedder.EclipseLogger - Using platform encoding (Cp1252 actually) to copy filtered resources, i.e. build is platform dependent!
2018-03-15 04:32:58,160 [Worker-24] INFO  o.e.m.c.i.embedder.EclipseLogger - Copying 0 resource
2018-03-15 04:32:58,162 [Worker-24] WARN  o.e.m.c.i.embedder.EclipseLogger - Using platform encoding (Cp1252 actually) to copy filtered resources, i.e. build is platform dependent!
2018-03-15 04:32:58,176 [Worker-24] INFO  o.e.m.c.i.embedder.EclipseLogger - Copying 0 resource
2018-03-15 04:33:17,873 [Worker-18] INFO  o.e.m.c.i.l.LifecycleMappingFactory - Using org.maven.ide.eclipse.wtp.WarLifecycleMapping lifecycle mapping for MavenProject: com.kc:Lab4-RestWS-with-Hibernate-with-SpringAnnotationBased:0.0.1-SNAPSHOT @ E:\Kofel\GitWorkSpace\WebServicesWorkSpace\Lab4-RestWS-with-Hibernate-with-SpringAnnotationBased\pom.xml.
2018-03-15 04:33:18,421 [Worker-18] INFO  o.e.m.j.i.AbstractJavaProjectConfigurator - Adding source folder /Lab4-RestWS-with-Hibernate-with-SpringAnnotationBased/src/main/java
2018-03-15 04:33:18,421 [Worker-18] INFO  o.e.m.j.i.AbstractJavaProjectConfigurator - Adding resource folder /Lab4-RestWS-with-Hibernate-with-SpringAnnotationBased/src/main/resources
2018-03-15 04:33:18,422 [Worker-18] INFO  o.e.m.j.i.AbstractJavaProjectConfigurator - Adding source folder /Lab4-RestWS-with-Hibernate-with-SpringAnnotationBased/src/test/java
2018-03-15 04:33:18,823 [Worker-18] INFO  o.e.m.c.i.p.ProjectConfigurationManager - Imported and configured 1 project(s) in 1 sec
2018-03-15 04:33:19,857 [Worker-21] WARN  o.e.m.c.i.embedder.EclipseLogger - Using platform encoding (Cp1252 actually) to copy filtered resources, i.e. build is platform dependent!
2018-03-15 04:33:19,982 [Worker-21] INFO  o.e.m.c.i.embedder.EclipseLogger - Copying 1 resource
2018-03-15 04:33:19,988 [Worker-21] WARN  o.e.m.c.i.embedder.EclipseLogger - Using platform encoding (Cp1252 actually) to copy filtered resources, i.e. build is platform dependent!
2018-03-15 04:33:19,996 [Worker-21] INFO  o.e.m.c.i.embedder.EclipseLogger - skip non existing resourceDirectory E:\Kofel\GitWorkSpace\WebServicesWorkSpace\Lab4-RestWS-with-Hibernate-with-SpringAnnotationBased\src\test\resources
2018-03-15 04:41:25,513 [Worker-26] WARN  o.e.m.c.i.embedder.EclipseLogger - Using platform encoding (Cp1252 actually) to copy filtered resources, i.e. build is platform dependent!
2018-03-15 04:41:25,523 [Worker-26] INFO  o.e.m.c.i.embedder.EclipseLogger - Copying 1 resource
2018-03-15 04:41:25,527 [Worker-26] WARN  o.e.m.c.i.embedder.EclipseLogger - Using platform encoding (Cp1252 actually) to copy filtered resources, i.e. build is platform dependent!
2018-03-15 04:41:25,533 [Worker-26] INFO  o.e.m.c.i.embedder.EclipseLogger - Copying 0 resource
2018-03-15 04:41:28,671 [Worker-5] WARN  o.e.m.c.i.embedder.EclipseLogger - Using platform encoding (Cp1252 actually) to copy filtered resources, i.e. build is platform dependent!
2018-03-15 04:41:28,687 [Worker-5] INFO  o.e.m.c.i.embedder.EclipseLogger - Copying 1 resource
2018-03-15 04:41:28,693 [Worker-5] WARN  o.e.m.c.i.embedder.EclipseLogger - Using platform encoding (Cp1252 actually) to copy filtered resources, i.e. build is platform dependent!
2018-03-15 04:41:28,707 [Worker-5] INFO  o.e.m.c.i.embedder.EclipseLogger - Copying 0 resource
2018-03-15 04:42:30,734 [Worker-26] WARN  o.e.m.c.i.embedder.EclipseLogger - Using platform encoding (Cp1252 actually) to copy filtered resources, i.e. build is platform dependent!
2018-03-15 04:42:30,749 [Worker-26] INFO  o.e.m.c.i.embedder.EclipseLogger - Copying 1 resource
2018-03-15 04:42:30,754 [Worker-26] WARN  o.e.m.c.i.embedder.EclipseLogger - Using platform encoding (Cp1252 actually) to copy filtered resources, i.e. build is platform dependent!
2018-03-15 04:42:30,763 [Worker-26] INFO  o.e.m.c.i.embedder.EclipseLogger - Copying 0 resource
2018-03-15 04:43:31,854 [Worker-31] WARN  o.e.m.c.i.embedder.EclipseLogger - Using platform encoding (Cp1252 actually) to copy filtered resources, i.e. build is platform dependent!
2018-03-15 04:43:31,863 [Worker-31] INFO  o.e.m.c.i.embedder.EclipseLogger - Copying 1 resource
2018-03-15 04:43:31,865 [Worker-31] WARN  o.e.m.c.i.embedder.EclipseLogger - Using platform encoding (Cp1252 actually) to copy filtered resources, i.e. build is platform dependent!
2018-03-15 04:43:31,870 [Worker-31] INFO  o.e.m.c.i.embedder.EclipseLogger - Copying 0 resource
2018-03-15 04:44:02,879 [Worker-32] WARN  o.e.m.c.i.embedder.EclipseLogger - Using platform encoding (Cp1252 actually) to copy filtered resources, i.e. build is platform dependent!
2018-03-15 04:44:02,894 [Worker-32] INFO  o.e.m.c.i.embedder.EclipseLogger - Copying 1 resource
2018-03-15 04:44:02,898 [Worker-32] WARN  o.e.m.c.i.embedder.EclipseLogger - Using platform encoding (Cp1252 actually) to copy filtered resources, i.e. build is platform dependent!
2018-03-15 04:44:02,909 [Worker-32] INFO  o.e.m.c.i.embedder.EclipseLogger - Copying 0 resource
2018-03-15 04:45:12,501 [Worker-28] WARN  o.e.m.c.i.embedder.EclipseLogger - Using platform encoding (Cp1252 actually) to copy filtered resources, i.e. build is platform dependent!
2018-03-15 04:45:12,508 [Worker-28] INFO  o.e.m.c.i.embedder.EclipseLogger - Copying 1 resource
2018-03-15 04:45:12,509 [Worker-28] WARN  o.e.m.c.i.embedder.EclipseLogger - Using platform encoding (Cp1252 actually) to copy filtered resources, i.e. build is platform dependent!
2018-03-15 04:45:12,516 [Worker-28] INFO  o.e.m.c.i.embedder.EclipseLogger - Copying 0 resource
2018-03-15 04:45:24,733 [Worker-29] WARN  o.e.m.c.i.embedder.EclipseLogger - Using platform encoding (Cp1252 actually) to copy filtered resources, i.e. build is platform dependent!
2018-03-15 04:45:24,744 [Worker-29] INFO  o.e.m.c.i.embedder.EclipseLogger - Copying 1 resource
2018-03-15 04:45:24,745 [Worker-29] WARN  o.e.m.c.i.embedder.EclipseLogger - Using platform encoding (Cp1252 actually) to copy filtered resources, i.e. build is platform dependent!
2018-03-15 04:45:24,751 [Worker-29] INFO  o.e.m.c.i.embedder.EclipseLogger - Copying 0 resource
2018-03-15 04:45:54,902 [Worker-26] WARN  o.e.m.c.i.embedder.EclipseLogger - Using platform encoding (Cp1252 actually) to copy filtered resources, i.e. build is platform dependent!
2018-03-15 04:45:54,914 [Worker-26] INFO  o.e.m.c.i.embedder.EclipseLogger - Copying 1 resource
2018-03-15 04:45:54,915 [Worker-26] WARN  o.e.m.c.i.embedder.EclipseLogger - Using platform encoding (Cp1252 actually) to copy filtered resources, i.e. build is platform dependent!
2018-03-15 04:45:54,922 [Worker-26] INFO  o.e.m.c.i.embedder.EclipseLogger - Copying 0 resource
2018-03-15 04:48:20,267 [Worker-26] WARN  o.e.m.c.i.embedder.EclipseLogger - Using platform encoding (Cp1252 actually) to copy filtered resources, i.e. build is platform dependent!
2018-03-15 04:48:20,281 [Worker-26] INFO  o.e.m.c.i.embedder.EclipseLogger - Copying 1 resource
2018-03-15 04:48:20,282 [Worker-26] WARN  o.e.m.c.i.embedder.EclipseLogger - Using platform encoding (Cp1252 actually) to copy filtered resources, i.e. build is platform dependent!
2018-03-15 04:48:20,290 [Worker-26] INFO  o.e.m.c.i.embedder.EclipseLogger - Copying 0 resource
2018-03-15 10:37:27,941 [Worker-61] WARN  o.e.m.c.i.embedder.EclipseLogger - Using platform encoding (Cp1252 actually) to copy filtered resources, i.e. build is platform dependent!
2018-03-15 10:37:27,960 [Worker-61] INFO  o.e.m.c.i.embedder.EclipseLogger - Copying 1 resource
2018-03-15 10:37:27,963 [Worker-61] WARN  o.e.m.c.i.embedder.EclipseLogger - Using platform encoding (Cp1252 actually) to copy filtered resources, i.e. build is platform dependent!
2018-03-15 10:37:27,972 [Worker-61] INFO  o.e.m.c.i.embedder.EclipseLogger - Copying 0 resource
2018-03-15 10:38:34,190 [Worker-60] WARN  o.e.m.c.i.embedder.EclipseLogger - Using platform encoding (Cp1252 actually) to copy filtered resources, i.e. build is platform dependent!
2018-03-15 10:38:34,201 [Worker-60] INFO  o.e.m.c.i.embedder.EclipseLogger - Copying 1 resource
2018-03-15 10:38:34,203 [Worker-60] WARN  o.e.m.c.i.embedder.EclipseLogger - Using platform encoding (Cp1252 actually) to copy filtered resources, i.e. build is platform dependent!
2018-03-15 10:38:34,210 [Worker-60] INFO  o.e.m.c.i.embedder.EclipseLogger - Copying 0 resource
2018-03-15 10:41:10,052 [Worker-66] INFO  o.e.m.c.i.l.LifecycleMappingFactory - Using org.maven.ide.eclipse.wtp.WarLifecycleMapping lifecycle mapping for MavenProject: com.kc:Lab1:0.0.1-SNAPSHOT @ E:\Kofel\GitWorkSpace\WebServicesWorkSpace\Lab1\pom.xml.
2018-03-15 10:41:12,716 [Worker-66] INFO  o.e.m.c.i.e.AbstractTransferListenerAdapter - Downloaded http://download.java.net/maven/2/log4j/log4j/1.2.17/log4j-1.2.17.pom
2018-03-15 10:41:13,910 [Worker-66] INFO  o.e.m.c.i.e.AbstractTransferListenerAdapter - Downloading https://repo.maven.apache.org/maven2/log4j/log4j/1.2.17/log4j-1.2.17.pom
2018-03-15 10:41:14,454 [Worker-66] INFO  o.e.m.c.i.e.AbstractTransferListenerAdapter - Downloaded https://repo.maven.apache.org/maven2/log4j/log4j/1.2.17/log4j-1.2.17.pom
2018-03-15 10:41:16,350 [Worker-66] INFO  o.e.m.c.i.e.AbstractTransferListenerAdapter - Downloaded http://download.java.net/maven/2/log4j/log4j/1.2.17/log4j-1.2.17.jar
2018-03-15 10:41:16,580 [Worker-66] INFO  o.e.m.c.i.e.AbstractTransferListenerAdapter - Downloading https://repo.maven.apache.org/maven2/log4j/log4j/1.2.17/log4j-1.2.17.jar
2018-03-15 10:41:18,153 [Worker-66] INFO  o.e.m.c.i.e.AbstractTransferListenerAdapter - Downloaded https://repo.maven.apache.org/maven2/log4j/log4j/1.2.17/log4j-1.2.17.jar
2018-03-15 10:41:18,676 [Worker-66] WARN  o.e.m.c.i.embedder.EclipseLogger - Using platform encoding (Cp1252 actually) to copy filtered resources, i.e. build is platform dependent!
2018-03-15 10:41:18,685 [Worker-66] INFO  o.e.m.c.i.embedder.EclipseLogger - Copying 0 resource
2018-03-15 10:41:18,686 [Worker-66] WARN  o.e.m.c.i.embedder.EclipseLogger - Using platform encoding (Cp1252 actually) to copy filtered resources, i.e. build is platform dependent!
2018-03-15 10:41:18,699 [Worker-66] INFO  o.e.m.c.i.embedder.EclipseLogger - Copying 0 resource
2018-03-15 10:41:18,700 [Worker-66] INFO  o.e.m.w.i.f.ResourceFilteringBuildParticipant - Changed resources require a complete clean of filtered resources of Lab1
2018-03-15 10:41:18,711 [Worker-66] INFO  o.e.m.w.i.f.ResourceFilteringBuildParticipant - Executing resource filtering for Lab1
2018-03-15 10:41:18,718 [Worker-66] WARN  o.e.m.c.i.embedder.EclipseLogger - Using platform encoding (Cp1252 actually) to copy filtered resources, i.e. build is platform dependent!
2018-03-15 10:41:20,185 [Worker-62] WARN  o.e.m.c.i.embedder.EclipseLogger - Using platform encoding (Cp1252 actually) to copy filtered resources, i.e. build is platform dependent!
2018-03-15 10:41:20,205 [Worker-62] INFO  o.e.m.c.i.embedder.EclipseLogger - Copying 1 resource
2018-03-15 10:41:20,208 [Worker-62] WARN  o.e.m.c.i.embedder.EclipseLogger - Using platform encoding (Cp1252 actually) to copy filtered resources, i.e. build is platform dependent!
2018-03-15 10:41:20,215 [Worker-62] INFO  o.e.m.c.i.embedder.EclipseLogger - Copying 0 resource
2018-03-15 10:41:47,907 [Worker-66] WARN  o.e.m.c.i.embedder.EclipseLogger - Using platform encoding (Cp1252 actually) to copy filtered resources, i.e. build is platform dependent!
2018-03-15 10:41:47,917 [Worker-66] INFO  o.e.m.c.i.embedder.EclipseLogger - Copying 1 resource
2018-03-15 10:41:47,918 [Worker-66] WARN  o.e.m.c.i.embedder.EclipseLogger - Using platform encoding (Cp1252 actually) to copy filtered resources, i.e. build is platform dependent!
2018-03-15 10:41:47,926 [Worker-66] INFO  o.e.m.c.i.embedder.EclipseLogger - Copying 0 resource
2018-03-15 10:41:53,934 [Worker-68] WARN  o.e.m.c.i.embedder.EclipseLogger - Using platform encoding (Cp1252 actually) to copy filtered resources, i.e. build is platform dependent!
2018-03-15 10:41:53,945 [Worker-68] INFO  o.e.m.c.i.embedder.EclipseLogger - Copying 1 resource
2018-03-15 10:41:53,946 [Worker-68] WARN  o.e.m.c.i.embedder.EclipseLogger - Using platform encoding (Cp1252 actually) to copy filtered resources, i.e. build is platform dependent!
2018-03-15 10:41:53,953 [Worker-68] INFO  o.e.m.c.i.embedder.EclipseLogger - Copying 0 resource
2018-03-15 10:42:19,546 [Worker-70] WARN  o.e.m.c.i.embedder.EclipseLogger - Using platform encoding (Cp1252 actually) to copy filtered resources, i.e. build is platform dependent!
2018-03-15 10:42:19,572 [Worker-70] INFO  o.e.m.c.i.embedder.EclipseLogger - Copying 0 resource
2018-03-15 10:42:19,574 [Worker-70] WARN  o.e.m.c.i.embedder.EclipseLogger - Using platform encoding (Cp1252 actually) to copy filtered resources, i.e. build is platform dependent!
2018-03-15 10:42:19,590 [Worker-70] INFO  o.e.m.c.i.embedder.EclipseLogger - Copying 0 resource
2018-03-15 10:43:20,718 [Worker-71] WARN  o.e.m.c.i.embedder.EclipseLogger - Using platform encoding (Cp1252 actually) to copy filtered resources, i.e. build is platform dependent!
2018-03-15 10:43:20,738 [Worker-71] INFO  o.e.m.c.i.embedder.EclipseLogger - Copying 0 resource
2018-03-15 10:43:20,739 [Worker-71] WARN  o.e.m.c.i.embedder.EclipseLogger - Using platform encoding (Cp1252 actually) to copy filtered resources, i.e. build is platform dependent!
2018-03-15 10:43:20,748 [Worker-71] INFO  o.e.m.c.i.embedder.EclipseLogger - Copying 0 resource
2018-03-15 10:43:37,704 [Worker-68] WARN  o.e.m.c.i.embedder.EclipseLogger - Using platform encoding (Cp1252 actually) to copy filtered resources, i.e. build is platform dependent!
2018-03-15 10:43:37,723 [Worker-68] INFO  o.e.m.c.i.embedder.EclipseLogger - Copying 0 resource
2018-03-15 10:43:37,725 [Worker-68] WARN  o.e.m.c.i.embedder.EclipseLogger - Using platform encoding (Cp1252 actually) to copy filtered resources, i.e. build is platform dependent!
2018-03-15 10:43:37,740 [Worker-68] INFO  o.e.m.c.i.embedder.EclipseLogger - Copying 0 resource
2018-03-15 10:44:43,747 [Worker-62] WARN  o.e.m.c.i.embedder.EclipseLogger - Using platform encoding (Cp1252 actually) to copy filtered resources, i.e. build is platform dependent!
2018-03-15 10:44:43,764 [Worker-62] INFO  o.e.m.c.i.embedder.EclipseLogger - Copying 1 resource
2018-03-15 10:44:43,770 [Worker-62] WARN  o.e.m.c.i.embedder.EclipseLogger - Using platform encoding (Cp1252 actually) to copy filtered resources, i.e. build is platform dependent!
2018-03-15 10:44:43,777 [Worker-62] INFO  o.e.m.c.i.embedder.EclipseLogger - Copying 0 resource
2018-03-15 11:16:24,810 [Worker-81] WARN  o.e.m.c.i.embedder.EclipseLogger - Using platform encoding (Cp1252 actually) to copy filtered resources, i.e. build is platform dependent!
2018-03-15 11:16:24,819 [Worker-81] INFO  o.e.m.c.i.embedder.EclipseLogger - Copying 1 resource
2018-03-15 11:16:24,821 [Worker-81] WARN  o.e.m.c.i.embedder.EclipseLogger - Using platform encoding (Cp1252 actually) to copy filtered resources, i.e. build is platform dependent!
2018-03-15 11:16:24,837 [Worker-81] INFO  o.e.m.c.i.embedder.EclipseLogger - Copying 0 resource
2018-03-15 11:19:04,125 [Worker-81] WARN  o.e.m.c.i.embedder.EclipseLogger - Using platform encoding (Cp1252 actually) to copy filtered resources, i.e. build is platform dependent!
2018-03-15 11:19:04,134 [Worker-81] INFO  o.e.m.c.i.embedder.EclipseLogger - Copying 0 resource
2018-03-15 11:19:04,135 [Worker-81] WARN  o.e.m.c.i.embedder.EclipseLogger - Using platform encoding (Cp1252 actually) to copy filtered resources, i.e. build is platform dependent!
2018-03-15 11:19:04,144 [Worker-81] INFO  o.e.m.c.i.embedder.EclipseLogger - Copying 0 resource
2018-03-15 11:32:13,432 [Worker-76] WARN  o.e.m.c.i.embedder.EclipseLogger - Using platform encoding (Cp1252 actually) to copy filtered resources, i.e. build is platform dependent!
2018-03-15 11:32:13,444 [Worker-76] INFO  o.e.m.c.i.embedder.EclipseLogger - Copying 0 resource
2018-03-15 11:32:13,445 [Worker-76] WARN  o.e.m.c.i.embedder.EclipseLogger - Using platform encoding (Cp1252 actually) to copy filtered resources, i.e. build is platform dependent!
2018-03-15 11:32:13,451 [Worker-76] INFO  o.e.m.c.i.embedder.EclipseLogger - Copying 0 resource
2018-03-15 11:36:37,027 [Worker-79] WARN  o.e.m.c.i.embedder.EclipseLogger - Using platform encoding (Cp1252 actually) to copy filtered resources, i.e. build is platform dependent!
2018-03-15 11:36:37,035 [Worker-79] INFO  o.e.m.c.i.embedder.EclipseLogger - Copying 0 resource
2018-03-15 11:36:37,036 [Worker-79] WARN  o.e.m.c.i.embedder.EclipseLogger - Using platform encoding (Cp1252 actually) to copy filtered resources, i.e. build is platform dependent!
2018-03-15 11:36:37,041 [Worker-79] INFO  o.e.m.c.i.embedder.EclipseLogger - Copying 0 resource
2018-03-15 11:37:06,282 [Worker-76] WARN  o.e.m.c.i.embedder.EclipseLogger - Using platform encoding (Cp1252 actually) to copy filtered resources, i.e. build is platform dependent!
2018-03-15 11:37:06,289 [Worker-76] INFO  o.e.m.c.i.embedder.EclipseLogger - Copying 1 resource
2018-03-15 11:37:06,290 [Worker-76] WARN  o.e.m.c.i.embedder.EclipseLogger - Using platform encoding (Cp1252 actually) to copy filtered resources, i.e. build is platform dependent!
2018-03-15 11:37:06,297 [Worker-76] INFO  o.e.m.c.i.embedder.EclipseLogger - Copying 0 resource
2018-03-15 11:39:28,412 [Worker-81] WARN  o.e.m.c.i.embedder.EclipseLogger - Using platform encoding (Cp1252 actually) to copy filtered resources, i.e. build is platform dependent!
2018-03-15 11:39:28,431 [Worker-81] INFO  o.e.m.c.i.embedder.EclipseLogger - Copying 1 resource
2018-03-15 11:39:28,439 [Worker-81] WARN  o.e.m.c.i.embedder.EclipseLogger - Using platform encoding (Cp1252 actually) to copy filtered resources, i.e. build is platform dependent!
2018-03-15 11:39:28,446 [Worker-81] INFO  o.e.m.c.i.embedder.EclipseLogger - Copying 0 resource
2018-03-15 11:40:35,010 [Worker-86] WARN  o.e.m.c.i.embedder.EclipseLogger - Using platform encoding (Cp1252 actually) to copy filtered resources, i.e. build is platform dependent!
2018-03-15 11:40:35,021 [Worker-86] INFO  o.e.m.c.i.embedder.EclipseLogger - Copying 0 resource
2018-03-15 11:40:35,022 [Worker-86] WARN  o.e.m.c.i.embedder.EclipseLogger - Using platform encoding (Cp1252 actually) to copy filtered resources, i.e. build is platform dependent!
2018-03-15 11:40:35,039 [Worker-86] INFO  o.e.m.c.i.embedder.EclipseLogger - Copying 0 resource
2018-03-15 11:40:36,100 [Worker-76] WARN  o.e.m.c.i.embedder.EclipseLogger - Using platform encoding (Cp1252 actually) to copy filtered resources, i.e. build is platform dependent!
2018-03-15 11:40:36,107 [Worker-76] INFO  o.e.m.c.i.embedder.EclipseLogger - Copying 0 resource
2018-03-15 11:40:36,108 [Worker-76] WARN  o.e.m.c.i.embedder.EclipseLogger - Using platform encoding (Cp1252 actually) to copy filtered resources, i.e. build is platform dependent!
2018-03-15 11:40:36,118 [Worker-76] INFO  o.e.m.c.i.embedder.EclipseLogger - Copying 0 resource
2018-03-15 11:42:33,069 [Worker-85] WARN  o.e.m.c.i.embedder.EclipseLogger - Using platform encoding (Cp1252 actually) to copy filtered resources, i.e. build is platform dependent!
2018-03-15 11:42:33,080 [Worker-85] INFO  o.e.m.c.i.embedder.EclipseLogger - Copying 1 resource
2018-03-15 11:42:33,082 [Worker-85] WARN  o.e.m.c.i.embedder.EclipseLogger - Using platform encoding (Cp1252 actually) to copy filtered resources, i.e. build is platform dependent!
2018-03-15 11:42:33,097 [Worker-85] INFO  o.e.m.c.i.embedder.EclipseLogger - Copying 0 resource
2018-03-15 11:43:13,230 [Worker-89] WARN  o.e.m.c.i.embedder.EclipseLogger - Using platform encoding (Cp1252 actually) to copy filtered resources, i.e. build is platform dependent!
2018-03-15 11:43:13,242 [Worker-89] INFO  o.e.m.c.i.embedder.EclipseLogger - Copying 1 resource
2018-03-15 11:43:13,243 [Worker-89] WARN  o.e.m.c.i.embedder.EclipseLogger - Using platform encoding (Cp1252 actually) to copy filtered resources, i.e. build is platform dependent!
2018-03-15 11:43:13,251 [Worker-89] INFO  o.e.m.c.i.embedder.EclipseLogger - Copying 0 resource
2018-03-15 11:44:07,396 [Worker-76] WARN  o.e.m.c.i.embedder.EclipseLogger - Using platform encoding (Cp1252 actually) to copy filtered resources, i.e. build is platform dependent!
2018-03-15 11:44:07,402 [Worker-76] INFO  o.e.m.c.i.embedder.EclipseLogger - Copying 0 resource
2018-03-15 11:44:07,403 [Worker-76] WARN  o.e.m.c.i.embedder.EclipseLogger - Using platform encoding (Cp1252 actually) to copy filtered resources, i.e. build is platform dependent!
2018-03-15 11:44:07,410 [Worker-76] INFO  o.e.m.c.i.embedder.EclipseLogger - Copying 0 resource
2018-03-15 11:44:57,155 [Worker-89] WARN  o.e.m.c.i.embedder.EclipseLogger - Using platform encoding (Cp1252 actually) to copy filtered resources, i.e. build is platform dependent!
2018-03-15 11:44:57,165 [Worker-89] INFO  o.e.m.c.i.embedder.EclipseLogger - Copying 1 resource
2018-03-15 11:44:57,168 [Worker-89] WARN  o.e.m.c.i.embedder.EclipseLogger - Using platform encoding (Cp1252 actually) to copy filtered resources, i.e. build is platform dependent!
2018-03-15 11:44:57,179 [Worker-89] INFO  o.e.m.c.i.embedder.EclipseLogger - Copying 0 resource
2018-03-15 11:45:24,541 [Worker-81] WARN  o.e.m.c.i.embedder.EclipseLogger - Using platform encoding (Cp1252 actually) to copy filtered resources, i.e. build is platform dependent!
2018-03-15 11:45:24,550 [Worker-81] INFO  o.e.m.c.i.embedder.EclipseLogger - Copying 0 resource
2018-03-15 11:45:24,551 [Worker-81] WARN  o.e.m.c.i.embedder.EclipseLogger - Using platform encoding (Cp1252 actually) to copy filtered resources, i.e. build is platform dependent!
2018-03-15 11:45:24,558 [Worker-81] INFO  o.e.m.c.i.embedder.EclipseLogger - Copying 0 resource
2018-03-15 11:52:33,315 [Worker-76] WARN  o.e.m.c.i.embedder.EclipseLogger - Using platform encoding (Cp1252 actually) to copy filtered resources, i.e. build is platform dependent!
2018-03-15 11:52:33,325 [Worker-76] INFO  o.e.m.c.i.embedder.EclipseLogger - Copying 1 resource
2018-03-15 11:52:33,327 [Worker-76] WARN  o.e.m.c.i.embedder.EclipseLogger - Using platform encoding (Cp1252 actually) to copy filtered resources, i.e. build is platform dependent!
2018-03-15 11:52:33,335 [Worker-76] INFO  o.e.m.c.i.embedder.EclipseLogger - Copying 0 resource
2018-03-15 11:53:06,384 [Worker-86] WARN  o.e.m.c.i.embedder.EclipseLogger - Using platform encoding (Cp1252 actually) to copy filtered resources, i.e. build is platform dependent!
2018-03-15 11:53:06,391 [Worker-86] INFO  o.e.m.c.i.embedder.EclipseLogger - Copying 0 resource
2018-03-15 11:53:06,393 [Worker-86] WARN  o.e.m.c.i.embedder.EclipseLogger - Using platform encoding (Cp1252 actually) to copy filtered resources, i.e. build is platform dependent!
2018-03-15 11:53:06,401 [Worker-86] INFO  o.e.m.c.i.embedder.EclipseLogger - Copying 0 resource
2018-03-15 12:03:55,772 [Worker-90] WARN  o.e.m.c.i.embedder.EclipseLogger - Using platform encoding (Cp1252 actually) to copy filtered resources, i.e. build is platform dependent!
2018-03-15 12:03:55,783 [Worker-90] INFO  o.e.m.c.i.embedder.EclipseLogger - Copying 1 resource
2018-03-15 12:03:55,786 [Worker-90] WARN  o.e.m.c.i.embedder.EclipseLogger - Using platform encoding (Cp1252 actually) to copy filtered resources, i.e. build is platform dependent!
2018-03-15 12:03:55,795 [Worker-90] INFO  o.e.m.c.i.embedder.EclipseLogger - Copying 0 resource
2018-03-15 12:04:41,560 [Worker-81] INFO  o.e.m.c.i.l.LifecycleMappingFactory - Using org.maven.ide.eclipse.wtp.WarLifecycleMapping lifecycle mapping for MavenProject: com.kc:Lab2-with-HibernetDAO:0.0.1-SNAPSHOT @ E:\Kofel\GitWorkSpace\WebServicesWorkSpace\Lab2-with-HibernetDAO\pom.xml.
2018-03-15 12:04:42,680 [Worker-81] WARN  o.e.m.c.i.embedder.EclipseLogger - Using platform encoding (Cp1252 actually) to copy filtered resources, i.e. build is platform dependent!
2018-03-15 12:04:42,697 [Worker-81] INFO  o.e.m.c.i.embedder.EclipseLogger - Copying 0 resource
2018-03-15 12:04:42,699 [Worker-81] WARN  o.e.m.c.i.embedder.EclipseLogger - Using platform encoding (Cp1252 actually) to copy filtered resources, i.e. build is platform dependent!
2018-03-15 12:04:42,706 [Worker-81] INFO  o.e.m.c.i.embedder.EclipseLogger - Copying 0 resource
2018-03-15 12:04:42,707 [Worker-81] INFO  o.e.m.w.i.f.ResourceFilteringBuildParticipant - Changed resources require a complete clean of filtered resources of Lab2-with-HibernetDAO
2018-03-15 12:04:42,707 [Worker-81] INFO  o.e.m.w.i.f.ResourceFilteringBuildParticipant - Executing resource filtering for Lab2-with-HibernetDAO
2018-03-15 12:04:42,726 [Worker-81] WARN  o.e.m.c.i.embedder.EclipseLogger - Using platform encoding (Cp1252 actually) to copy filtered resources, i.e. build is platform dependent!
2018-03-15 12:04:44,304 [Worker-81] WARN  o.e.m.c.i.embedder.EclipseLogger - Using platform encoding (Cp1252 actually) to copy filtered resources, i.e. build is platform dependent!
2018-03-15 12:04:44,316 [Worker-81] INFO  o.e.m.c.i.embedder.EclipseLogger - Copying 2 resources
2018-03-15 12:04:44,330 [Worker-81] WARN  o.e.m.c.i.embedder.EclipseLogger - Using platform encoding (Cp1252 actually) to copy filtered resources, i.e. build is platform dependent!
2018-03-15 12:04:44,337 [Worker-81] INFO  o.e.m.c.i.embedder.EclipseLogger - Copying 0 resource
2018-03-15 12:05:32,511 [Worker-83] WARN  o.e.m.c.i.embedder.EclipseLogger - Using platform encoding (Cp1252 actually) to copy filtered resources, i.e. build is platform dependent!
2018-03-15 12:05:32,522 [Worker-83] INFO  o.e.m.c.i.embedder.EclipseLogger - Copying 2 resources
2018-03-15 12:05:32,524 [Worker-83] WARN  o.e.m.c.i.embedder.EclipseLogger - Using platform encoding (Cp1252 actually) to copy filtered resources, i.e. build is platform dependent!
2018-03-15 12:05:32,530 [Worker-83] INFO  o.e.m.c.i.embedder.EclipseLogger - Copying 0 resource
2018-03-15 12:05:55,937 [Worker-95] WARN  o.e.m.c.i.embedder.EclipseLogger - Using platform encoding (Cp1252 actually) to copy filtered resources, i.e. build is platform dependent!
2018-03-15 12:05:55,945 [Worker-95] INFO  o.e.m.c.i.embedder.EclipseLogger - Copying 2 resources
2018-03-15 12:05:55,946 [Worker-95] WARN  o.e.m.c.i.embedder.EclipseLogger - Using platform encoding (Cp1252 actually) to copy filtered resources, i.e. build is platform dependent!
2018-03-15 12:05:55,953 [Worker-95] INFO  o.e.m.c.i.embedder.EclipseLogger - Copying 0 resource
2018-03-15 12:07:35,278 [Worker-95] WARN  o.e.m.c.i.embedder.EclipseLogger - Using platform encoding (Cp1252 actually) to copy filtered resources, i.e. build is platform dependent!
2018-03-15 12:07:35,284 [Worker-95] INFO  o.e.m.c.i.embedder.EclipseLogger - Copying 2 resources
2018-03-15 12:07:35,285 [Worker-95] WARN  o.e.m.c.i.embedder.EclipseLogger - Using platform encoding (Cp1252 actually) to copy filtered resources, i.e. build is platform dependent!
2018-03-15 12:07:35,293 [Worker-95] INFO  o.e.m.c.i.embedder.EclipseLogger - Copying 0 resource
2018-03-15 12:07:42,187 [Worker-81] WARN  o.e.m.c.i.embedder.EclipseLogger - Using platform encoding (Cp1252 actually) to copy filtered resources, i.e. build is platform dependent!
2018-03-15 12:07:42,197 [Worker-81] INFO  o.e.m.c.i.embedder.EclipseLogger - Copying 2 resources
2018-03-15 12:07:42,199 [Worker-81] WARN  o.e.m.c.i.embedder.EclipseLogger - Using platform encoding (Cp1252 actually) to copy filtered resources, i.e. build is platform dependent!
2018-03-15 12:07:42,206 [Worker-81] INFO  o.e.m.c.i.embedder.EclipseLogger - Copying 0 resource
2018-03-15 12:08:17,575 [Worker-92] WARN  o.e.m.c.i.embedder.EclipseLogger - Using platform encoding (Cp1252 actually) to copy filtered resources, i.e. build is platform dependent!
2018-03-15 12:08:17,581 [Worker-92] INFO  o.e.m.c.i.embedder.EclipseLogger - Copying 2 resources
2018-03-15 12:08:17,582 [Worker-92] WARN  o.e.m.c.i.embedder.EclipseLogger - Using platform encoding (Cp1252 actually) to copy filtered resources, i.e. build is platform dependent!
2018-03-15 12:08:17,587 [Worker-92] INFO  o.e.m.c.i.embedder.EclipseLogger - Copying 0 resource
2018-03-15 12:08:31,597 [Worker-92] WARN  o.e.m.c.i.embedder.EclipseLogger - Using platform encoding (Cp1252 actually) to copy filtered resources, i.e. build is platform dependent!
2018-03-15 12:08:31,613 [Worker-92] INFO  o.e.m.c.i.embedder.EclipseLogger - Copying 2 resources
2018-03-15 12:08:31,615 [Worker-92] WARN  o.e.m.c.i.embedder.EclipseLogger - Using platform encoding (Cp1252 actually) to copy filtered resources, i.e. build is platform dependent!
2018-03-15 12:08:31,625 [Worker-92] INFO  o.e.m.c.i.embedder.EclipseLogger - Copying 0 resource
2018-03-15 12:09:06,159 [Worker-94] WARN  o.e.m.c.i.embedder.EclipseLogger - Using platform encoding (Cp1252 actually) to copy filtered resources, i.e. build is platform dependent!
2018-03-15 12:09:06,167 [Worker-94] INFO  o.e.m.c.i.embedder.EclipseLogger - Copying 2 resources
2018-03-15 12:09:06,168 [Worker-94] WARN  o.e.m.c.i.embedder.EclipseLogger - Using platform encoding (Cp1252 actually) to copy filtered resources, i.e. build is platform dependent!
2018-03-15 12:09:06,175 [Worker-94] INFO  o.e.m.c.i.embedder.EclipseLogger - Copying 0 resource
2018-03-15 12:09:23,291 [Worker-93] WARN  o.e.m.c.i.embedder.EclipseLogger - Using platform encoding (Cp1252 actually) to copy filtered resources, i.e. build is platform dependent!
2018-03-15 12:09:23,299 [Worker-93] INFO  o.e.m.c.i.embedder.EclipseLogger - Copying 2 resources
2018-03-15 12:09:23,301 [Worker-93] WARN  o.e.m.c.i.embedder.EclipseLogger - Using platform encoding (Cp1252 actually) to copy filtered resources, i.e. build is platform dependent!
2018-03-15 12:09:23,308 [Worker-93] INFO  o.e.m.c.i.embedder.EclipseLogger - Copying 0 resource
2018-03-15 12:09:27,756 [Worker-90] WARN  o.e.m.c.i.embedder.EclipseLogger - Using platform encoding (Cp1252 actually) to copy filtered resources, i.e. build is platform dependent!
2018-03-15 12:09:27,762 [Worker-90] INFO  o.e.m.c.i.embedder.EclipseLogger - Copying 2 resources
2018-03-15 12:09:27,764 [Worker-90] WARN  o.e.m.c.i.embedder.EclipseLogger - Using platform encoding (Cp1252 actually) to copy filtered resources, i.e. build is platform dependent!
2018-03-15 12:09:27,770 [Worker-90] INFO  o.e.m.c.i.embedder.EclipseLogger - Copying 0 resource
2018-03-15 12:09:47,981 [Worker-94] WARN  o.e.m.c.i.embedder.EclipseLogger - Using platform encoding (Cp1252 actually) to copy filtered resources, i.e. build is platform dependent!
2018-03-15 12:09:47,990 [Worker-94] INFO  o.e.m.c.i.embedder.EclipseLogger - Copying 2 resources
2018-03-15 12:09:47,992 [Worker-94] WARN  o.e.m.c.i.embedder.EclipseLogger - Using platform encoding (Cp1252 actually) to copy filtered resources, i.e. build is platform dependent!
2018-03-15 12:09:48,003 [Worker-94] INFO  o.e.m.c.i.embedder.EclipseLogger - Copying 0 resource
2018-03-15 12:10:02,512 [Worker-90] WARN  o.e.m.c.i.embedder.EclipseLogger - Using platform encoding (Cp1252 actually) to copy filtered resources, i.e. build is platform dependent!
2018-03-15 12:10:02,518 [Worker-90] INFO  o.e.m.c.i.embedder.EclipseLogger - Copying 2 resources
2018-03-15 12:10:02,520 [Worker-90] WARN  o.e.m.c.i.embedder.EclipseLogger - Using platform encoding (Cp1252 actually) to copy filtered resources, i.e. build is platform dependent!
2018-03-15 12:10:02,527 [Worker-90] INFO  o.e.m.c.i.embedder.EclipseLogger - Copying 0 resource
2018-03-15 12:10:19,738 [Worker-92] WARN  o.e.m.c.i.embedder.EclipseLogger - Using platform encoding (Cp1252 actually) to copy filtered resources, i.e. build is platform dependent!
2018-03-15 12:10:19,754 [Worker-92] INFO  o.e.m.c.i.embedder.EclipseLogger - Copying 2 resources
2018-03-15 12:10:19,755 [Worker-92] WARN  o.e.m.c.i.embedder.EclipseLogger - Using platform encoding (Cp1252 actually) to copy filtered resources, i.e. build is platform dependent!
2018-03-15 12:10:19,769 [Worker-92] INFO  o.e.m.c.i.embedder.EclipseLogger - Copying 0 resource
2018-03-15 12:10:48,568 [Worker-94] WARN  o.e.m.c.i.embedder.EclipseLogger - Using platform encoding (Cp1252 actually) to copy filtered resources, i.e. build is platform dependent!
2018-03-15 12:10:48,576 [Worker-94] INFO  o.e.m.c.i.embedder.EclipseLogger - Copying 2 resources
2018-03-15 12:10:48,577 [Worker-94] WARN  o.e.m.c.i.embedder.EclipseLogger - Using platform encoding (Cp1252 actually) to copy filtered resources, i.e. build is platform dependent!
2018-03-15 12:10:48,586 [Worker-94] INFO  o.e.m.c.i.embedder.EclipseLogger - Copying 0 resource
2018-03-15 12:11:06,637 [Worker-81] WARN  o.e.m.c.i.embedder.EclipseLogger - Using platform encoding (Cp1252 actually) to copy filtered resources, i.e. build is platform dependent!
2018-03-15 12:11:06,649 [Worker-81] INFO  o.e.m.c.i.embedder.EclipseLogger - Copying 2 resources
2018-03-15 12:11:06,650 [Worker-81] WARN  o.e.m.c.i.embedder.EclipseLogger - Using platform encoding (Cp1252 actually) to copy filtered resources, i.e. build is platform dependent!
2018-03-15 12:11:06,660 [Worker-81] INFO  o.e.m.c.i.embedder.EclipseLogger - Copying 0 resource
2018-03-15 12:11:37,987 [Worker-97] WARN  o.e.m.c.i.embedder.EclipseLogger - Using platform encoding (Cp1252 actually) to copy filtered resources, i.e. build is platform dependent!
2018-03-15 12:11:37,994 [Worker-97] INFO  o.e.m.c.i.embedder.EclipseLogger - Copying 2 resources
2018-03-15 12:11:37,996 [Worker-97] WARN  o.e.m.c.i.embedder.EclipseLogger - Using platform encoding (Cp1252 actually) to copy filtered resources, i.e. build is platform dependent!
2018-03-15 12:11:38,003 [Worker-97] INFO  o.e.m.c.i.embedder.EclipseLogger - Copying 0 resource
2018-03-15 12:12:03,549 [Worker-83] WARN  o.e.m.c.i.embedder.EclipseLogger - Using platform encoding (Cp1252 actually) to copy filtered resources, i.e. build is platform dependent!
2018-03-15 12:12:03,556 [Worker-83] INFO  o.e.m.c.i.embedder.EclipseLogger - Copying 2 resources
2018-03-15 12:12:03,557 [Worker-83] WARN  o.e.m.c.i.embedder.EclipseLogger - Using platform encoding (Cp1252 actually) to copy filtered resources, i.e. build is platform dependent!
2018-03-15 12:12:03,564 [Worker-83] INFO  o.e.m.c.i.embedder.EclipseLogger - Copying 0 resource
2018-03-15 12:12:20,135 [Worker-93] WARN  o.e.m.c.i.embedder.EclipseLogger - Using platform encoding (Cp1252 actually) to copy filtered resources, i.e. build is platform dependent!
2018-03-15 12:12:20,141 [Worker-93] INFO  o.e.m.c.i.embedder.EclipseLogger - Copying 2 resources
2018-03-15 12:12:20,143 [Worker-93] WARN  o.e.m.c.i.embedder.EclipseLogger - Using platform encoding (Cp1252 actually) to copy filtered resources, i.e. build is platform dependent!
2018-03-15 12:12:20,150 [Worker-93] INFO  o.e.m.c.i.embedder.EclipseLogger - Copying 0 resource
2018-03-15 12:12:42,687 [Worker-90] WARN  o.e.m.c.i.embedder.EclipseLogger - Using platform encoding (Cp1252 actually) to copy filtered resources, i.e. build is platform dependent!
2018-03-15 12:12:42,694 [Worker-90] INFO  o.e.m.c.i.embedder.EclipseLogger - Copying 2 resources
2018-03-15 12:12:42,695 [Worker-90] WARN  o.e.m.c.i.embedder.EclipseLogger - Using platform encoding (Cp1252 actually) to copy filtered resources, i.e. build is platform dependent!
2018-03-15 12:12:42,701 [Worker-90] INFO  o.e.m.c.i.embedder.EclipseLogger - Copying 0 resource
2018-03-15 12:12:59,077 [Worker-83] WARN  o.e.m.c.i.embedder.EclipseLogger - Using platform encoding (Cp1252 actually) to copy filtered resources, i.e. build is platform dependent!
2018-03-15 12:12:59,084 [Worker-83] INFO  o.e.m.c.i.embedder.EclipseLogger - Copying 2 resources
2018-03-15 12:12:59,085 [Worker-83] WARN  o.e.m.c.i.embedder.EclipseLogger - Using platform encoding (Cp1252 actually) to copy filtered resources, i.e. build is platform dependent!
2018-03-15 12:12:59,096 [Worker-83] INFO  o.e.m.c.i.embedder.EclipseLogger - Copying 0 resource
2018-03-15 12:13:13,668 [Worker-81] WARN  o.e.m.c.i.embedder.EclipseLogger - Using platform encoding (Cp1252 actually) to copy filtered resources, i.e. build is platform dependent!
2018-03-15 12:13:13,682 [Worker-81] INFO  o.e.m.c.i.embedder.EclipseLogger - Copying 2 resources
2018-03-15 12:13:13,685 [Worker-81] WARN  o.e.m.c.i.embedder.EclipseLogger - Using platform encoding (Cp1252 actually) to copy filtered resources, i.e. build is platform dependent!
2018-03-15 12:13:13,696 [Worker-81] INFO  o.e.m.c.i.embedder.EclipseLogger - Copying 0 resource
2018-03-15 12:13:33,609 [Worker-83] WARN  o.e.m.c.i.embedder.EclipseLogger - Using platform encoding (Cp1252 actually) to copy filtered resources, i.e. build is platform dependent!
2018-03-15 12:13:33,622 [Worker-83] INFO  o.e.m.c.i.embedder.EclipseLogger - Copying 2 resources
2018-03-15 12:13:33,623 [Worker-83] WARN  o.e.m.c.i.embedder.EclipseLogger - Using platform encoding (Cp1252 actually) to copy filtered resources, i.e. build is platform dependent!
2018-03-15 12:13:33,638 [Worker-83] INFO  o.e.m.c.i.embedder.EclipseLogger - Copying 0 resource
2018-03-15 12:17:04,570 [Worker-97] WARN  o.e.m.c.i.embedder.EclipseLogger - Using platform encoding (Cp1252 actually) to copy filtered resources, i.e. build is platform dependent!
2018-03-15 12:17:04,579 [Worker-97] INFO  o.e.m.c.i.embedder.EclipseLogger - Copying 1 resource
2018-03-15 12:17:04,582 [Worker-97] WARN  o.e.m.c.i.embedder.EclipseLogger - Using platform encoding (Cp1252 actually) to copy filtered resources, i.e. build is platform dependent!
2018-03-15 12:17:04,589 [Worker-97] INFO  o.e.m.c.i.embedder.EclipseLogger - Copying 0 resource
2018-03-15 12:17:46,168 [Worker-83] WARN  o.e.m.c.i.embedder.EclipseLogger - Using platform encoding (Cp1252 actually) to copy filtered resources, i.e. build is platform dependent!
2018-03-15 12:17:46,178 [Worker-83] INFO  o.e.m.c.i.embedder.EclipseLogger - Copying 0 resource
2018-03-15 12:17:46,180 [Worker-83] WARN  o.e.m.c.i.embedder.EclipseLogger - Using platform encoding (Cp1252 actually) to copy filtered resources, i.e. build is platform dependent!
2018-03-15 12:17:46,188 [Worker-83] INFO  o.e.m.c.i.embedder.EclipseLogger - Copying 0 resource
2018-03-15 12:17:48,321 [Worker-92] WARN  o.e.m.c.i.embedder.EclipseLogger - Using platform encoding (Cp1252 actually) to copy filtered resources, i.e. build is platform dependent!
2018-03-15 12:17:48,329 [Worker-92] INFO  o.e.m.c.i.embedder.EclipseLogger - Copying 0 resource
2018-03-15 12:17:48,330 [Worker-92] WARN  o.e.m.c.i.embedder.EclipseLogger - Using platform encoding (Cp1252 actually) to copy filtered resources, i.e. build is platform dependent!
2018-03-15 12:17:48,338 [Worker-92] INFO  o.e.m.c.i.embedder.EclipseLogger - Copying 0 resource
